{"numTotalTestSuites":93,"numPassedTestSuites":84,"numFailedTestSuites":9,"numPendingTestSuites":0,"numTotalTests":190,"numPassedTests":177,"numFailedTests":13,"numPendingTests":0,"numTodoTests":0,"snapshot":{"added":0,"failure":false,"filesAdded":0,"filesRemoved":0,"filesRemovedList":[],"filesUnmatched":0,"filesUpdated":0,"matched":0,"total":0,"unchecked":0,"uncheckedKeysByFile":[],"unmatched":0,"updated":0,"didUpdate":false},"startTime":1776205163540,"success":false,"testResults":[{"assertionResults":[{"ancestorTitles":["FileSystemStorageClient"],"fullName":"FileSystemStorageClient should save and read a file","status":"passed","title":"should save and read a file","duration":9.93259999999998,"failureMessages":[],"meta":{},"tags":[]},{"ancestorTitles":["FileSystemStorageClient"],"fullName":"FileSystemStorageClient should list files in a directory","status":"passed","title":"should list files in a directory","duration":5.111700000000042,"failureMessages":[],"meta":{},"tags":[]},{"ancestorTitles":["FileSystemStorageClient"],"fullName":"FileSystemStorageClient should check if file exists","status":"passed","title":"should check if file exists","duration":1.0679999999999836,"failureMessages":[],"meta":{},"tags":[]}],"startTime":1776205169004,"endTime":1776205169020.068,"status":"passed","message":"","name":"C:/Users/i0swi/OneDrive/デスクトップ/ThreadsOS/tests/adapters.test.ts"},{"assertionResults":[{"ancestorTitles":["BudgetService"],"fullName":"BudgetService initBudget creates a budget entry","status":"passed","title":"initBudget creates a budget entry","duration":15.95270000000005,"failureMessages":[],"meta":{},"tags":[]},{"ancestorTitles":["BudgetService"],"fullName":"BudgetService canSpend returns true within budget","status":"passed","title":"canSpend returns true within budget","duration":2.1521999999999935,"failureMessages":[],"meta":{},"tags":[]},{"ancestorTitles":["BudgetService"],"fullName":"BudgetService canSpend returns false when exceeding budget","status":"passed","title":"canSpend returns false when exceeding budget","duration":2.8348000000000866,"failureMessages":[],"meta":{},"tags":[]},{"ancestorTitles":["BudgetService"],"fullName":"BudgetService canSpend returns false for unknown scope","status":"passed","title":"canSpend returns false for unknown scope","duration":1.1327000000001135,"failureMessages":[],"meta":{},"tags":[]},{"ancestorTitles":["BudgetService"],"fullName":"BudgetService spend deducts tokens and calls","status":"passed","title":"spend deducts tokens and calls","duration":3.525000000000091,"failureMessages":[],"meta":{},"tags":[]},{"ancestorTitles":["BudgetService"],"fullName":"BudgetService spend throws for unknown scope","status":"passed","title":"spend throws for unknown scope","duration":2.496699999999919,"failureMessages":[],"meta":{},"tags":[]},{"ancestorTitles":["BudgetService"],"fullName":"BudgetService resetPeriod zeros out usage","status":"passed","title":"resetPeriod zeros out usage","duration":4.050300000000107,"failureMessages":[],"meta":{},"tags":[]},{"ancestorTitles":["BudgetService"],"fullName":"BudgetService getRemainingBudget returns zero for unknown scope","status":"passed","title":"getRemainingBudget returns zero for unknown scope","duration":1.9532000000001517,"failureMessages":[],"meta":{},"tags":[]},{"ancestorTitles":["BudgetService"],"fullName":"BudgetService initBudget is idempotent for the same scope-period-periodKey","status":"passed","title":"initBudget is idempotent for the same scope-period-periodKey","duration":3.1980000000000928,"failureMessages":[],"meta":{},"tags":[]}],"startTime":1776205169243,"endTime":1776205169281.198,"status":"passed","message":"","name":"C:/Users/i0swi/OneDrive/デスクトップ/ThreadsOS/tests/budget.test.ts"},{"assertionResults":[{"ancestorTitles":["CacheService"],"fullName":"CacheService reuses cached JSON without rerunning the factory","status":"passed","title":"reuses cached JSON without rerunning the factory","duration":20.37209999999982,"failureMessages":[],"meta":{},"tags":[]},{"ancestorTitles":["CacheService"],"fullName":"CacheService drops expired cache entries","status":"passed","title":"drops expired cache entries","duration":3.1480000000001382,"failureMessages":[],"meta":{},"tags":[]}],"startTime":1776205169891,"endTime":1776205169915.148,"status":"passed","message":"","name":"C:/Users/i0swi/OneDrive/デスクトップ/ThreadsOS/tests/cache.test.ts"},{"assertionResults":[{"ancestorTitles":["CompetitiveAnalysisExecutor"],"fullName":"CompetitiveAnalysisExecutor supports analyze_competitors action","status":"passed","title":"supports analyze_competitors action","duration":25.11500000000001,"failureMessages":[],"meta":{},"tags":[]},{"ancestorTitles":["CompetitiveAnalysisExecutor"],"fullName":"CompetitiveAnalysisExecutor executes competitor analysis and returns structured result","status":"passed","title":"executes competitor analysis and returns structured result","duration":41.3753999999999,"failureMessages":[],"meta":{},"tags":[]}],"startTime":1776205168209,"endTime":1776205168275.3755,"status":"passed","message":"","name":"C:/Users/i0swi/OneDrive/デスクトップ/ThreadsOS/tests/competitive-analysis.test.ts"},{"assertionResults":[{"ancestorTitles":["loadEnv"],"fullName":"loadEnv should return default values when no env vars set","status":"passed","title":"should return default values when no env vars set","duration":12.526200000000017,"failureMessages":[],"meta":{},"tags":[]},{"ancestorTitles":["loadEnv"],"fullName":"loadEnv should keep in-memory database urls unchanged","status":"passed","title":"should keep in-memory database urls unchanged","duration":1.3921000000000276,"failureMessages":[],"meta":{},"tags":[]},{"ancestorTitles":["loadEnv"],"fullName":"loadEnv should resolve relative database urls from the project root","status":"passed","title":"should resolve relative database urls from the project root","duration":1.550799999999981,"failureMessages":[],"meta":{},"tags":[]},{"ancestorTitles":["loadEnv"],"fullName":"loadEnv should keep absolute database urls unchanged","status":"passed","title":"should keep absolute database urls unchanged","duration":1.2935999999999694,"failureMessages":[],"meta":{},"tags":[]},{"ancestorTitles":["loadEnv"],"fullName":"loadEnv should parse PORT as number","status":"passed","title":"should parse PORT as number","duration":1.4633000000000038,"failureMessages":[],"meta":{},"tags":[]},{"ancestorTitles":["loadEnv"],"fullName":"loadEnv should accept tier and tier-specific model overrides","status":"passed","title":"should accept tier and tier-specific model overrides","duration":1.7973000000000638,"failureMessages":[],"meta":{},"tags":[]},{"ancestorTitles":["loadEnv"],"fullName":"loadEnv should accept valid NODE_ENV values","status":"passed","title":"should accept valid NODE_ENV values","duration":1.4625999999999522,"failureMessages":[],"meta":{},"tags":[]},{"ancestorTitles":["loadEnv"],"fullName":"loadEnv should reject invalid NODE_ENV values","status":"passed","title":"should reject invalid NODE_ENV values","duration":3.4985000000000355,"failureMessages":[],"meta":{},"tags":[]}],"startTime":1776205168953,"endTime":1776205168978.4985,"status":"passed","message":"","name":"C:/Users/i0swi/OneDrive/デスクトップ/ThreadsOS/tests/config.test.ts"},{"assertionResults":[{"ancestorTitles":["ContentSchedulerService"],"fullName":"ContentSchedulerService bootstraps note generation when no note posts or slots exist","status":"passed","title":"bootstraps note generation when no note posts or slots exist","duration":63.64629999999988,"failureMessages":[],"meta":{},"tags":[]},{"ancestorTitles":["ContentSchedulerService"],"fullName":"ContentSchedulerService prioritizes note generation under funnel expansion strategy","status":"passed","title":"prioritizes note generation under funnel expansion strategy","duration":8.95860000000016,"failureMessages":[],"meta":{},"tags":[]},{"ancestorTitles":["ContentSchedulerService"],"fullName":"ContentSchedulerService prioritizes engagement followup under engagement compounding strategy","status":"passed","title":"prioritizes engagement followup under engagement compounding strategy","duration":8.402199999999993,"failureMessages":[],"meta":{},"tags":[]}],"startTime":1776205165613,"endTime":1776205165694.402,"status":"passed","message":"","name":"C:/Users/i0swi/OneDrive/デスクトップ/ThreadsOS/tests/content-scheduler.test.ts"},{"assertionResults":[{"ancestorTitles":["contract compiler"],"fullName":"contract compiler compiles the repository contract source of truth","status":"passed","title":"compiles the repository contract source of truth","duration":28.212200000000053,"failureMessages":[],"meta":{},"tags":[]},{"ancestorTitles":["contract compiler"],"fullName":"contract compiler fails when required contracts are missing","status":"passed","title":"fails when required contracts are missing","duration":12.901200000000017,"failureMessages":[],"meta":{},"tags":[]}],"startTime":1776205168894,"endTime":1776205168934.9011,"status":"passed","message":"","name":"C:/Users/i0swi/OneDrive/デスクトップ/ThreadsOS/tests/contracts-compiler.test.ts"},{"assertionResults":[{"ancestorTitles":["Dashboard API"],"fullName":"Dashboard API GET /api/dashboard/summary returns operational focus and alerts","status":"passed","title":"GET /api/dashboard/summary returns operational focus and alerts","duration":320.1370999999999,"failureMessages":[],"meta":{},"tags":[]},{"ancestorTitles":["Dashboard API"],"fullName":"Dashboard API GET /api/dashboard/summary marks missing heartbeat as critical","status":"passed","title":"GET /api/dashboard/summary marks missing heartbeat as critical","duration":32.592099999999846,"failureMessages":[],"meta":{},"tags":[]},{"ancestorTitles":["Dashboard API"],"fullName":"Dashboard API GET /api/dashboard/summary escalates when pending reviews pile up","status":"passed","title":"GET /api/dashboard/summary escalates when pending reviews pile up","duration":49.48419999999987,"failureMessages":[],"meta":{},"tags":[]},{"ancestorTitles":["Dashboard API"],"fullName":"Dashboard API GET /api/dashboard/summary describes threads running and note stalled","status":"passed","title":"GET /api/dashboard/summary describes threads running and note stalled","duration":32.93509999999969,"failureMessages":[],"meta":{},"tags":[]},{"ancestorTitles":["Dashboard API"],"fullName":"Dashboard API GET /api/dashboard/proposals/:id returns detail and history","status":"passed","title":"GET /api/dashboard/proposals/:id returns detail and history","duration":21.3121000000001,"failureMessages":[],"meta":{},"tags":[]},{"ancestorTitles":["Dashboard API"],"fullName":"Dashboard API GET /api/dashboard/proposals/:id/history returns the event timeline","status":"passed","title":"GET /api/dashboard/proposals/:id/history returns the event timeline","duration":22.572599999999966,"failureMessages":[],"meta":{},"tags":[]},{"ancestorTitles":["Dashboard API"],"fullName":"Dashboard API POST /api/dashboard/proposals/:id/approve records approval history","status":"passed","title":"POST /api/dashboard/proposals/:id/approve records approval history","duration":33.279399999999896,"failureMessages":[],"meta":{},"tags":[]},{"ancestorTitles":["Dashboard API"],"fullName":"Dashboard API GET /api/dashboard/departments/:department returns operational signals","status":"passed","title":"GET /api/dashboard/departments/:department returns operational signals","duration":32.858999999999924,"failureMessages":[],"meta":{},"tags":[]},{"ancestorTitles":["Dashboard API"],"fullName":"Dashboard API GET /api/dashboard/departments adds owner-facing summary fields","status":"passed","title":"GET /api/dashboard/departments adds owner-facing summary fields","duration":32.214500000000044,"failureMessages":[],"meta":{},"tags":[]},{"ancestorTitles":["Dashboard API"],"fullName":"Dashboard API GET /api/dashboard/agents/:id returns agent detail and budget","status":"passed","title":"GET /api/dashboard/agents/:id returns agent detail and budget","duration":21.114599999999882,"failureMessages":[],"meta":{},"tags":[]},{"ancestorTitles":["Dashboard API"],"fullName":"Dashboard API POST /api/dashboard/control/departments/:department/pause and resume round-trip","status":"passed","title":"POST /api/dashboard/control/departments/:department/pause and resume round-trip","duration":26.26260000000002,"failureMessages":[],"meta":{},"tags":[]},{"ancestorTitles":["Dashboard API"],"fullName":"Dashboard API POST /api/dashboard/control/directives stores structured directives","status":"passed","title":"POST /api/dashboard/control/directives stores structured directives","duration":42.472699999999804,"failureMessages":[],"meta":{},"tags":[]},{"ancestorTitles":["Dashboard API"],"fullName":"Dashboard API GET /api/dashboard/logs returns real execution rows","status":"passed","title":"GET /api/dashboard/logs returns real execution rows","duration":22.016699999999673,"failureMessages":[],"meta":{},"tags":[]},{"ancestorTitles":["Dashboard API"],"fullName":"Dashboard API GET /api/dashboard/observation returns observation-first data","status":"passed","title":"GET /api/dashboard/observation returns observation-first data","duration":26.191699999999855,"failureMessages":[],"meta":{},"tags":[]}],"startTime":1776205165824,"endTime":1776205166541.1917,"status":"passed","message":"","name":"C:/Users/i0swi/OneDrive/デスクトップ/ThreadsOS/tests/dashboard-api.test.ts"},{"assertionResults":[{"ancestorTitles":["dashboard query request cache"],"fullName":"dashboard query request cache reuses base query results within one request scope","status":"passed","title":"reuses base query results within one request scope","duration":43.076300000000174,"failureMessages":[],"meta":{},"tags":[]},{"ancestorTitles":["dashboard query request cache"],"fullName":"dashboard query request cache isolates cached objects between request scopes","status":"passed","title":"isolates cached objects between request scopes","duration":16.563499999999976,"failureMessages":[],"meta":{},"tags":[]}],"startTime":1776205165648,"endTime":1776205165707.5635,"status":"passed","message":"","name":"C:/Users/i0swi/OneDrive/デスクトップ/ThreadsOS/tests/dashboard-query-cache.test.ts"},{"assertionResults":[{"ancestorTitles":["Database"],"fullName":"Database should create tables from schema","status":"passed","title":"should create tables from schema","duration":15.038999999999987,"failureMessages":[],"meta":{},"tags":[]},{"ancestorTitles":["Database"],"fullName":"Database should export all schema tables","status":"passed","title":"should export all schema tables","duration":1.3432000000000244,"failureMessages":[],"meta":{},"tags":[]}],"startTime":1776205170512,"endTime":1776205170528.3433,"status":"passed","message":"","name":"C:/Users/i0swi/OneDrive/デスクトップ/ThreadsOS/tests/db.test.ts"},{"assertionResults":[{"ancestorTitles":["DepartmentExecutionService"],"fullName":"DepartmentExecutionService routes thread generation through the threads department","status":"passed","title":"routes thread generation through the threads department","duration":7.470299999999952,"failureMessages":[],"meta":{},"tags":[]},{"ancestorTitles":["DepartmentExecutionService"],"fullName":"DepartmentExecutionService routes note research through the note department","status":"passed","title":"routes note research through the note department","duration":1.5581999999999425,"failureMessages":[],"meta":{},"tags":[]}],"startTime":1776205170816,"endTime":1776205170825.558,"status":"passed","message":"","name":"C:/Users/i0swi/OneDrive/デスクトップ/ThreadsOS/tests/department-execution.test.ts"},{"assertionResults":[{"ancestorTitles":["DepartmentExecution collectReports()"],"fullName":"DepartmentExecution collectReports() returns a report for each of the 5 departments","status":"passed","title":"returns a report for each of the 5 departments","duration":31.56320000000005,"failureMessages":[],"meta":{},"tags":[]},{"ancestorTitles":["DepartmentExecution collectReports()"],"fullName":"DepartmentExecution collectReports() each report has the required shape","status":"passed","title":"each report has the required shape","duration":11.628800000000183,"failureMessages":[],"meta":{},"tags":[]},{"ancestorTitles":["DepartmentExecution collectReports()"],"fullName":"DepartmentExecution collectReports() command report reflects pending human inputs","status":"passed","title":"command report reflects pending human inputs","duration":17.655500000000075,"failureMessages":[],"meta":{},"tags":[]},{"ancestorTitles":["DepartmentExecution collectReports()"],"fullName":"DepartmentExecution collectReports() command report shows no-action when no pending inputs","status":"passed","title":"command report shows no-action when no pending inputs","duration":13.66229999999996,"failureMessages":[],"meta":{},"tags":[]},{"ancestorTitles":["DepartmentExecution collectReports()"],"fullName":"DepartmentExecution collectReports() note report prioritizes generation when no published notes exist","status":"passed","title":"note report prioritizes generation when no published notes exist","duration":9.364299999999957,"failureMessages":[],"meta":{},"tags":[]},{"ancestorTitles":["DepartmentExecution collectReports()"],"fullName":"DepartmentExecution collectReports() competitive analysis report highlights missing snapshots when none exist","status":"passed","title":"competitive analysis report highlights missing snapshots when none exist","duration":11.291300000000092,"failureMessages":[],"meta":{},"tags":[]},{"ancestorTitles":["DepartmentExecution collectReports()"],"fullName":"DepartmentExecution collectReports() report summary includes DB-backed current-state summary when present","status":"passed","title":"report summary includes DB-backed current-state summary when present","duration":12.795799999999872,"failureMessages":[],"meta":{},"tags":[]},{"ancestorTitles":["DepartmentExecution collectReports()"],"fullName":"DepartmentExecution collectReports() report summary is live-only when no DB summary exists","status":"passed","title":"report summary is live-only when no DB summary exists","duration":8.675499999999829,"failureMessages":[],"meta":{},"tags":[]},{"ancestorTitles":["DepartmentExecution collectReports()"],"fullName":"DepartmentExecution collectReports() command report surfaces unread notifications from other departments","status":"passed","title":"command report surfaces unread notifications from other departments","duration":30.276299999999992,"failureMessages":[],"meta":{},"tags":[]}],"startTime":1776205167895,"endTime":1776205168042.2764,"status":"passed","message":"","name":"C:/Users/i0swi/OneDrive/デスクトップ/ThreadsOS/tests/department-report.test.ts"},{"assertionResults":[{"ancestorTitles":["DiffCollectorService"],"fullName":"DiffCollectorService returns zeros when nothing exists","status":"failed","title":"returns zeros when nothing exists","duration":17.965199999999868,"failureMessages":["SqliteError: no such column: \"campaign_id\" - should this be a string literal in single-quotes?\n    at Database.prepare (C:\\Users\\i0swi\\OneDrive\\デスクトップ\\ThreadsOS\\node_modules\\.pnpm\\better-sqlite3@12.8.0\\node_modules\\better-sqlite3\\lib\\methods\\wrappers.js:5:21)\n    at BetterSQLiteSession.prepareQuery (file:///C:/Users/i0swi/OneDrive/%E3%83%87%E3%82%B9%E3%82%AF%E3%83%88%E3%83%83%E3%83%97/ThreadsOS/node_modules/.pnpm/drizzle-orm@0.45.2_@types+b_fadbb3778648ec1901394176057e01bd/node_modules/drizzle-orm/better-sqlite3/session.js:23:30)\n    at BetterSQLiteSession.prepareOneTimeQuery (file:///C:/Users/i0swi/OneDrive/%E3%83%87%E3%82%B9%E3%82%AF%E3%83%88%E3%83%83%E3%83%97/ThreadsOS/node_modules/.pnpm/drizzle-orm@0.45.2_@types+b_fadbb3778648ec1901394176057e01bd/node_modules/drizzle-orm/sqlite-core/session.js:141:17)\n    at SQLiteSelectBase._prepare (file:///C:/Users/i0swi/OneDrive/%E3%83%87%E3%82%B9%E3%82%AF%E3%83%88%E3%83%83%E3%83%97/ThreadsOS/node_modules/.pnpm/drizzle-orm@0.45.2_@types+b_fadbb3778648ec1901394176057e01bd/node_modules/drizzle-orm/sqlite-core/query-builders/select.js:615:88)\n    at SQLiteSelectBase.all (file:///C:/Users/i0swi/OneDrive/%E3%83%87%E3%82%B9%E3%82%AF%E3%83%88%E3%83%83%E3%83%97/ThreadsOS/node_modules/.pnpm/drizzle-orm@0.45.2_@types+b_fadbb3778648ec1901394176057e01bd/node_modules/drizzle-orm/sqlite-core/query-builders/select.js:641:17)\n    at Object.collectSinceLastHeartbeat (C:/Users/i0swi/OneDrive/デスクトップ/ThreadsOS/src/services/diff-collector/index.ts:52:8)\n    at C:/Users/i0swi/OneDrive/デスクトップ/ThreadsOS/tests/diff-collector.test.ts:103:28\n    at file:///C:/Users/i0swi/OneDrive/%E3%83%87%E3%82%B9%E3%82%AF%E3%83%88%E3%83%83%E3%83%97/ThreadsOS/node_modules/.pnpm/@vitest+runner@4.1.2/node_modules/@vitest/runner/dist/chunk-artifact.js:302:11\n    at file:///C:/Users/i0swi/OneDrive/%E3%83%87%E3%82%B9%E3%82%AF%E3%83%88%E3%83%83%E3%83%97/ThreadsOS/node_modules/.pnpm/@vitest+runner@4.1.2/node_modules/@vitest/runner/dist/chunk-artifact.js:1893:26\n    at file:///C:/Users/i0swi/OneDrive/%E3%83%87%E3%82%B9%E3%82%AF%E3%83%88%E3%83%83%E3%83%97/ThreadsOS/node_modules/.pnpm/@vitest+runner@4.1.2/node_modules/@vitest/runner/dist/chunk-artifact.js:2316:20"],"meta":{},"tags":[]},{"ancestorTitles":["DiffCollectorService"],"fullName":"DiffCollectorService counts new replies since last heartbeat","status":"failed","title":"counts new replies since last heartbeat","duration":3.623399999999947,"failureMessages":["SqliteError: no such column: \"campaign_id\" - should this be a string literal in single-quotes?\n    at Database.prepare (C:\\Users\\i0swi\\OneDrive\\デスクトップ\\ThreadsOS\\node_modules\\.pnpm\\better-sqlite3@12.8.0\\node_modules\\better-sqlite3\\lib\\methods\\wrappers.js:5:21)\n    at BetterSQLiteSession.prepareQuery (file:///C:/Users/i0swi/OneDrive/%E3%83%87%E3%82%B9%E3%82%AF%E3%83%88%E3%83%83%E3%83%97/ThreadsOS/node_modules/.pnpm/drizzle-orm@0.45.2_@types+b_fadbb3778648ec1901394176057e01bd/node_modules/drizzle-orm/better-sqlite3/session.js:23:30)\n    at BetterSQLiteSession.prepareOneTimeQuery (file:///C:/Users/i0swi/OneDrive/%E3%83%87%E3%82%B9%E3%82%AF%E3%83%88%E3%83%83%E3%83%97/ThreadsOS/node_modules/.pnpm/drizzle-orm@0.45.2_@types+b_fadbb3778648ec1901394176057e01bd/node_modules/drizzle-orm/sqlite-core/session.js:141:17)\n    at SQLiteSelectBase._prepare (file:///C:/Users/i0swi/OneDrive/%E3%83%87%E3%82%B9%E3%82%AF%E3%83%88%E3%83%83%E3%83%97/ThreadsOS/node_modules/.pnpm/drizzle-orm@0.45.2_@types+b_fadbb3778648ec1901394176057e01bd/node_modules/drizzle-orm/sqlite-core/query-builders/select.js:615:88)\n    at SQLiteSelectBase.all (file:///C:/Users/i0swi/OneDrive/%E3%83%87%E3%82%B9%E3%82%AF%E3%83%88%E3%83%83%E3%83%97/ThreadsOS/node_modules/.pnpm/drizzle-orm@0.45.2_@types+b_fadbb3778648ec1901394176057e01bd/node_modules/drizzle-orm/sqlite-core/query-builders/select.js:641:17)\n    at Object.collectSinceLastHeartbeat (C:/Users/i0swi/OneDrive/デスクトップ/ThreadsOS/src/services/diff-collector/index.ts:52:8)\n    at C:/Users/i0swi/OneDrive/デスクトップ/ThreadsOS/tests/diff-collector.test.ts:129:28\n    at file:///C:/Users/i0swi/OneDrive/%E3%83%87%E3%82%B9%E3%82%AF%E3%83%88%E3%83%83%E3%83%97/ThreadsOS/node_modules/.pnpm/@vitest+runner@4.1.2/node_modules/@vitest/runner/dist/chunk-artifact.js:302:11\n    at file:///C:/Users/i0swi/OneDrive/%E3%83%87%E3%82%B9%E3%82%AF%E3%83%88%E3%83%83%E3%83%97/ThreadsOS/node_modules/.pnpm/@vitest+runner@4.1.2/node_modules/@vitest/runner/dist/chunk-artifact.js:1893:26\n    at file:///C:/Users/i0swi/OneDrive/%E3%83%87%E3%82%B9%E3%82%AF%E3%83%88%E3%83%83%E3%83%97/ThreadsOS/node_modules/.pnpm/@vitest+runner@4.1.2/node_modules/@vitest/runner/dist/chunk-artifact.js:2316:20"],"meta":{},"tags":[]},{"ancestorTitles":["DiffCollectorService"],"fullName":"DiffCollectorService counts failed jobs as errors","status":"failed","title":"counts failed jobs as errors","duration":2.856800000000021,"failureMessages":["SqliteError: no such column: \"campaign_id\" - should this be a string literal in single-quotes?\n    at Database.prepare (C:\\Users\\i0swi\\OneDrive\\デスクトップ\\ThreadsOS\\node_modules\\.pnpm\\better-sqlite3@12.8.0\\node_modules\\better-sqlite3\\lib\\methods\\wrappers.js:5:21)\n    at BetterSQLiteSession.prepareQuery (file:///C:/Users/i0swi/OneDrive/%E3%83%87%E3%82%B9%E3%82%AF%E3%83%88%E3%83%83%E3%83%97/ThreadsOS/node_modules/.pnpm/drizzle-orm@0.45.2_@types+b_fadbb3778648ec1901394176057e01bd/node_modules/drizzle-orm/better-sqlite3/session.js:23:30)\n    at BetterSQLiteSession.prepareOneTimeQuery (file:///C:/Users/i0swi/OneDrive/%E3%83%87%E3%82%B9%E3%82%AF%E3%83%88%E3%83%83%E3%83%97/ThreadsOS/node_modules/.pnpm/drizzle-orm@0.45.2_@types+b_fadbb3778648ec1901394176057e01bd/node_modules/drizzle-orm/sqlite-core/session.js:141:17)\n    at SQLiteSelectBase._prepare (file:///C:/Users/i0swi/OneDrive/%E3%83%87%E3%82%B9%E3%82%AF%E3%83%88%E3%83%83%E3%83%97/ThreadsOS/node_modules/.pnpm/drizzle-orm@0.45.2_@types+b_fadbb3778648ec1901394176057e01bd/node_modules/drizzle-orm/sqlite-core/query-builders/select.js:615:88)\n    at SQLiteSelectBase.all (file:///C:/Users/i0swi/OneDrive/%E3%83%87%E3%82%B9%E3%82%AF%E3%83%88%E3%83%83%E3%83%97/ThreadsOS/node_modules/.pnpm/drizzle-orm@0.45.2_@types+b_fadbb3778648ec1901394176057e01bd/node_modules/drizzle-orm/sqlite-core/query-builders/select.js:641:17)\n    at Object.collectSinceLastHeartbeat (C:/Users/i0swi/OneDrive/デスクトップ/ThreadsOS/src/services/diff-collector/index.ts:52:8)\n    at C:/Users/i0swi/OneDrive/デスクトップ/ThreadsOS/tests/diff-collector.test.ts:145:28\n    at file:///C:/Users/i0swi/OneDrive/%E3%83%87%E3%82%B9%E3%82%AF%E3%83%88%E3%83%83%E3%83%97/ThreadsOS/node_modules/.pnpm/@vitest+runner@4.1.2/node_modules/@vitest/runner/dist/chunk-artifact.js:302:11\n    at file:///C:/Users/i0swi/OneDrive/%E3%83%87%E3%82%B9%E3%82%AF%E3%83%88%E3%83%83%E3%83%97/ThreadsOS/node_modules/.pnpm/@vitest+runner@4.1.2/node_modules/@vitest/runner/dist/chunk-artifact.js:1893:26\n    at file:///C:/Users/i0swi/OneDrive/%E3%83%87%E3%82%B9%E3%82%AF%E3%83%88%E3%83%83%E3%83%97/ThreadsOS/node_modules/.pnpm/@vitest+runner@4.1.2/node_modules/@vitest/runner/dist/chunk-artifact.js:2316:20"],"meta":{},"tags":[]},{"ancestorTitles":["DiffCollectorService"],"fullName":"DiffCollectorService counts unprocessed human inputs","status":"failed","title":"counts unprocessed human inputs","duration":2.904700000000048,"failureMessages":["SqliteError: no such column: \"campaign_id\" - should this be a string literal in single-quotes?\n    at Database.prepare (C:\\Users\\i0swi\\OneDrive\\デスクトップ\\ThreadsOS\\node_modules\\.pnpm\\better-sqlite3@12.8.0\\node_modules\\better-sqlite3\\lib\\methods\\wrappers.js:5:21)\n    at BetterSQLiteSession.prepareQuery (file:///C:/Users/i0swi/OneDrive/%E3%83%87%E3%82%B9%E3%82%AF%E3%83%88%E3%83%83%E3%83%97/ThreadsOS/node_modules/.pnpm/drizzle-orm@0.45.2_@types+b_fadbb3778648ec1901394176057e01bd/node_modules/drizzle-orm/better-sqlite3/session.js:23:30)\n    at BetterSQLiteSession.prepareOneTimeQuery (file:///C:/Users/i0swi/OneDrive/%E3%83%87%E3%82%B9%E3%82%AF%E3%83%88%E3%83%83%E3%83%97/ThreadsOS/node_modules/.pnpm/drizzle-orm@0.45.2_@types+b_fadbb3778648ec1901394176057e01bd/node_modules/drizzle-orm/sqlite-core/session.js:141:17)\n    at SQLiteSelectBase._prepare (file:///C:/Users/i0swi/OneDrive/%E3%83%87%E3%82%B9%E3%82%AF%E3%83%88%E3%83%83%E3%83%97/ThreadsOS/node_modules/.pnpm/drizzle-orm@0.45.2_@types+b_fadbb3778648ec1901394176057e01bd/node_modules/drizzle-orm/sqlite-core/query-builders/select.js:615:88)\n    at SQLiteSelectBase.all (file:///C:/Users/i0swi/OneDrive/%E3%83%87%E3%82%B9%E3%82%AF%E3%83%88%E3%83%83%E3%83%97/ThreadsOS/node_modules/.pnpm/drizzle-orm@0.45.2_@types+b_fadbb3778648ec1901394176057e01bd/node_modules/drizzle-orm/sqlite-core/query-builders/select.js:641:17)\n    at Object.collectSinceLastHeartbeat (C:/Users/i0swi/OneDrive/デスクトップ/ThreadsOS/src/services/diff-collector/index.ts:52:8)\n    at C:/Users/i0swi/OneDrive/デスクトップ/ThreadsOS/tests/diff-collector.test.ts:161:28\n    at file:///C:/Users/i0swi/OneDrive/%E3%83%87%E3%82%B9%E3%82%AF%E3%83%88%E3%83%83%E3%83%97/ThreadsOS/node_modules/.pnpm/@vitest+runner@4.1.2/node_modules/@vitest/runner/dist/chunk-artifact.js:302:11\n    at file:///C:/Users/i0swi/OneDrive/%E3%83%87%E3%82%B9%E3%82%AF%E3%83%88%E3%83%83%E3%83%97/ThreadsOS/node_modules/.pnpm/@vitest+runner@4.1.2/node_modules/@vitest/runner/dist/chunk-artifact.js:1893:26\n    at file:///C:/Users/i0swi/OneDrive/%E3%83%87%E3%82%B9%E3%82%AF%E3%83%88%E3%83%83%E3%83%97/ThreadsOS/node_modules/.pnpm/@vitest+runner@4.1.2/node_modules/@vitest/runner/dist/chunk-artifact.js:2316:20"],"meta":{},"tags":[]}],"startTime":1776205165333,"endTime":1776205165359.9048,"status":"failed","message":"","name":"C:/Users/i0swi/OneDrive/デスクトップ/ThreadsOS/tests/diff-collector.test.ts"},{"assertionResults":[{"ancestorTitles":["ExecutiveExperimentService"],"fullName":"ExecutiveExperimentService detects the Click bottleneck and registers one experiment with scoring windows","status":"passed","title":"detects the Click bottleneck and registers one experiment with scoring windows","duration":77.34820000000013,"failureMessages":[],"meta":{},"tags":[]},{"ancestorTitles":["ExecutiveExperimentService"],"fullName":"ExecutiveExperimentService promotes a winning canary at 72h and updates winning_patterns","status":"passed","title":"promotes a winning canary at 72h and updates winning_patterns","duration":23.210000000000036,"failureMessages":[],"meta":{},"tags":[]},{"ancestorTitles":["ExecutiveExperimentService"],"fullName":"ExecutiveExperimentService rejects a weak canary at 24h and updates losing_patterns","status":"passed","title":"rejects a weak canary at 24h and updates losing_patterns","duration":24.364700000000084,"failureMessages":[],"meta":{},"tags":[]}],"startTime":1776205167201,"endTime":1776205167327.3647,"status":"passed","message":"","name":"C:/Users/i0swi/OneDrive/デスクトップ/ThreadsOS/tests/executive-experiment.test.ts"},{"assertionResults":[{"ancestorTitles":["ExecutiveService"],"fullName":"ExecutiveService uses LLM decision to approve/skip actions","status":"passed","title":"uses LLM decision to approve/skip actions","duration":58.287000000000035,"failureMessages":[],"meta":{},"tags":[]},{"ancestorTitles":["ExecutiveService"],"fullName":"ExecutiveService falls back when LLM returns invalid JSON","status":"passed","title":"falls back when LLM returns invalid JSON","duration":5.781300000000101,"failureMessages":[],"meta":{},"tags":[]},{"ancestorTitles":["ExecutiveService"],"fullName":"ExecutiveService stores department runs and completes the cycle","status":"passed","title":"stores department runs and completes the cycle","duration":36.04150000000004,"failureMessages":[],"meta":{},"tags":[]},{"ancestorTitles":["ExecutiveService"],"fullName":"ExecutiveService fallback persists strategy_states and executive_cycles","status":"passed","title":"fallback persists strategy_states and executive_cycles","duration":4.873399999999947,"failureMessages":[],"meta":{},"tags":[]},{"ancestorTitles":["ExecutiveService"],"fullName":"ExecutiveService exposes llmReasoning and departmentInstructions on normal plan","status":"passed","title":"exposes llmReasoning and departmentInstructions on normal plan","duration":4.432999999999993,"failureMessages":[],"meta":{},"tags":[]},{"ancestorTitles":["ExecutiveService"],"fullName":"ExecutiveService normalizes invalid objective and funnelStage from LLM","status":"passed","title":"normalizes invalid objective and funnelStage from LLM","duration":4.27819999999997,"failureMessages":[],"meta":{},"tags":[]},{"ancestorTitles":["ExecutiveService"],"fullName":"ExecutiveService filters invalid action types from LLM without crashing","status":"passed","title":"filters invalid action types from LLM without crashing","duration":4.8943000000001575,"failureMessages":[],"meta":{},"tags":[]}],"startTime":1776205167227,"endTime":1776205167345.8943,"status":"passed","message":"","name":"C:/Users/i0swi/OneDrive/デスクトップ/ThreadsOS/tests/executive.test.ts"},{"assertionResults":[{"ancestorTitles":["runJob"],"fullName":"runJob records a completed run and passes dryRun to the executor","status":"passed","title":"records a completed run and passes dryRun to the executor","duration":50.93619999999987,"failureMessages":[],"meta":{},"tags":[]},{"ancestorTitles":["runJob"],"fullName":"runJob stores failure details and rethrows executor errors","status":"passed","title":"stores failure details and rethrows executor errors","duration":13.4833000000001,"failureMessages":[],"meta":{},"tags":[]},{"ancestorTitles":["runJob"],"fullName":"runJob skips execution when the same job is already running","status":"passed","title":"skips execution when the same job is already running","duration":11.015899999999874,"failureMessages":[],"meta":{},"tags":[]}],"startTime":1776205167568,"endTime":1776205167644.0159,"status":"passed","message":"","name":"C:/Users/i0swi/OneDrive/デスクトップ/ThreadsOS/tests/jobs.test.ts"},{"assertionResults":[{"ancestorTitles":["llm-heartbeat-worker helpers"],"fullName":"llm-heartbeat-worker helpers embeds queued generation constraints into the Claude system prompt","status":"passed","title":"embeds queued generation constraints into the Claude system prompt","duration":2.487100000000055,"failureMessages":[],"meta":{},"tags":[]},{"ancestorTitles":["llm-heartbeat-worker helpers"],"fullName":"llm-heartbeat-worker helpers builds CLI args with a merged system prompt when present","status":"passed","title":"builds CLI args with a merged system prompt when present","duration":1.176300000000083,"failureMessages":[],"meta":{},"tags":[]},{"ancestorTitles":["llm-heartbeat-worker helpers"],"fullName":"llm-heartbeat-worker helpers resolves the configured heartbeat model for each tier","status":"passed","title":"resolves the configured heartbeat model for each tier","duration":1.215400000000045,"failureMessages":[],"meta":{},"tags":[]},{"ancestorTitles":["llm-heartbeat-worker helpers"],"fullName":"llm-heartbeat-worker helpers falls back to the default tier when CLI args omit tier","status":"passed","title":"falls back to the default tier when CLI args omit tier","duration":0.5984000000000833,"failureMessages":[],"meta":{},"tags":[]}],"startTime":1776205171117,"endTime":1776205171122.5984,"status":"passed","message":"","name":"C:/Users/i0swi/OneDrive/デスクトップ/ThreadsOS/tests/llm-heartbeat-worker.test.ts"},{"assertionResults":[{"ancestorTitles":["llm-json"],"fullName":"llm-json extracts arrays wrapped inside an object payload","status":"passed","title":"extracts arrays wrapped inside an object payload","duration":5.375999999999976,"failureMessages":[],"meta":{},"tags":[]},{"ancestorTitles":["llm-json"],"fullName":"llm-json extracts a single object wrapped inside a one-item array","status":"passed","title":"extracts a single object wrapped inside a one-item array","duration":0.8900000000000432,"failureMessages":[],"meta":{},"tags":[]}],"startTime":1776205170113,"endTime":1776205170119.89,"status":"passed","message":"","name":"C:/Users/i0swi/OneDrive/デスクトップ/ThreadsOS/tests/llm-json.test.ts"},{"assertionResults":[{"ancestorTitles":["MemoryService"],"fullName":"MemoryService set and get a memory entry","status":"passed","title":"set and get a memory entry","duration":17.29599999999982,"failureMessages":[],"meta":{},"tags":[]},{"ancestorTitles":["MemoryService"],"fullName":"MemoryService updates existing entry and increments version","status":"passed","title":"updates existing entry and increments version","duration":4.80619999999999,"failureMessages":[],"meta":{},"tags":[]},{"ancestorTitles":["MemoryService"],"fullName":"MemoryService returns null for non-existent key","status":"passed","title":"returns null for non-existent key","duration":1.3010999999999058,"failureMessages":[],"meta":{},"tags":[]},{"ancestorTitles":["MemoryService"],"fullName":"MemoryService deletes an entry","status":"passed","title":"deletes an entry","duration":3.0383999999999105,"failureMessages":[],"meta":{},"tags":[]},{"ancestorTitles":["MemoryService"],"fullName":"MemoryService listByLayer returns all entries in a layer","status":"passed","title":"listByLayer returns all entries in a layer","duration":4.965800000000172,"failureMessages":[],"meta":{},"tags":[]},{"ancestorTitles":["MemoryService"],"fullName":"MemoryService listByLayer filters by scope","status":"passed","title":"listByLayer filters by scope","duration":2.4864000000000033,"failureMessages":[],"meta":{},"tags":[]},{"ancestorTitles":["MemoryService"],"fullName":"MemoryService promote moves entry from one layer to another","status":"passed","title":"promote moves entry from one layer to another","duration":3.5734999999999673,"failureMessages":[],"meta":{},"tags":[]},{"ancestorTitles":["MemoryService"],"fullName":"MemoryService expireWorking removes expired working_memory entries","status":"passed","title":"expireWorking removes expired working_memory entries","duration":1.9434000000001106,"failureMessages":[],"meta":{},"tags":[]}],"startTime":1776205169622,"endTime":1776205169661.9434,"status":"passed","message":"","name":"C:/Users/i0swi/OneDrive/デスクトップ/ThreadsOS/tests/memory.test.ts"},{"assertionResults":[{"ancestorTitles":["metrics-sync job"],"fullName":"metrics-sync job wires runJob to the metrics sync service","status":"passed","title":"wires runJob to the metrics sync service","duration":73.28639999999996,"failureMessages":[],"meta":{},"tags":[]}],"startTime":1776205168154,"endTime":1776205168227.2864,"status":"passed","message":"","name":"C:/Users/i0swi/OneDrive/デスクトップ/ThreadsOS/tests/metrics-sync-job.test.ts"},{"assertionResults":[{"ancestorTitles":["metrics sync service"],"fullName":"metrics sync service syncs note and Threads metrics, preserves metadata, and writes safety flags","status":"passed","title":"syncs note and Threads metrics, preserves metadata, and writes safety flags","duration":114.25599999999986,"failureMessages":[],"meta":{},"tags":[]},{"ancestorTitles":["metrics sync service"],"fullName":"metrics sync service quarantines note session, records anomaly, and still syncs Threads metrics","status":"passed","title":"quarantines note session, records anomaly, and still syncs Threads metrics","duration":30.334000000000287,"failureMessages":[],"meta":{},"tags":[]}],"startTime":1776205169065,"endTime":1776205169210.334,"status":"passed","message":"","name":"C:/Users/i0swi/OneDrive/デスクトップ/ThreadsOS/tests/metrics-sync.test.ts"},{"assertionResults":[{"ancestorTitles":["network-policy"],"fullName":"network-policy accepts safe public https urls","status":"passed","title":"accepts safe public https urls","duration":10.201799999999992,"failureMessages":[],"meta":{},"tags":[]},{"ancestorTitles":["network-policy"],"fullName":"network-policy rejects localhost and private ip targets","status":"passed","title":"rejects localhost and private ip targets","duration":1.7367999999999597,"failureMessages":[],"meta":{},"tags":[]},{"ancestorTitles":["network-policy"],"fullName":"network-policy rejects hosts outside allowlisted domains","status":"passed","title":"rejects hosts outside allowlisted domains","duration":2.72950000000003,"failureMessages":[],"meta":{},"tags":[]},{"ancestorTitles":["network-policy"],"fullName":"network-policy rejects embedded credentials","status":"passed","title":"rejects embedded credentials","duration":0.7055999999999472,"failureMessages":[],"meta":{},"tags":[]},{"ancestorTitles":["network-policy"],"fullName":"network-policy rejects custom ports","status":"passed","title":"rejects custom ports","duration":0.4954999999999927,"failureMessages":[],"meta":{},"tags":[]}],"startTime":1776205169743,"endTime":1776205169759.4956,"status":"passed","message":"","name":"C:/Users/i0swi/OneDrive/デスクトップ/ThreadsOS/tests/network-policy.test.ts"},{"assertionResults":[{"ancestorTitles":["normalizeBlocks"],"fullName":"normalizeBlocks 空行と '---' をブロック区切りとして扱う","status":"passed","title":"空行と '---' をブロック区切りとして扱う","duration":2.5019999999999527,"failureMessages":[],"meta":{},"tags":[]},{"ancestorTitles":["normalizeBlocks"],"fullName":"normalizeBlocks コードブロック内は分割しない","status":"passed","title":"コードブロック内は分割しない","duration":1.0967000000000553,"failureMessages":[],"meta":{},"tags":[]},{"ancestorTitles":["parseInlineMarkdown"],"fullName":"parseInlineMarkdown 太字・斜体・インラインコードを変換する","status":"passed","title":"太字・斜体・インラインコードを変換する","duration":0.5006999999998243,"failureMessages":[],"meta":{},"tags":[]},{"ancestorTitles":["buildBlockHtml"],"fullName":"buildBlockHtml 見出しを note 用の階層へ変換する","status":"passed","title":"見出しを note 用の階層へ変換する","duration":1.0700999999999112,"failureMessages":[],"meta":{},"tags":[]},{"ancestorTitles":["buildBlockHtml"],"fullName":"buildBlockHtml リストを HTML に変換する","status":"passed","title":"リストを HTML に変換する","duration":0.5403000000001157,"failureMessages":[],"meta":{},"tags":[]},{"ancestorTitles":["buildBlockHtml"],"fullName":"buildBlockHtml コードブロックを pre/code に変換する","status":"passed","title":"コードブロックを pre/code に変換する","duration":0.2618999999999687,"failureMessages":[],"meta":{},"tags":[]},{"ancestorTitles":["buildBlockHtml"],"fullName":"buildBlockHtml 段落を p に変換する","status":"passed","title":"段落を p に変換する","duration":0.4252000000001317,"failureMessages":[],"meta":{},"tags":[]},{"ancestorTitles":["buildStructuredNoteContent"],"fullName":"buildStructuredNoteContent 通常モードでは全文を無料本文として扱う","status":"passed","title":"通常モードでは全文を無料本文として扱う","duration":0.6929999999999836,"failureMessages":[],"meta":{},"tags":[]},{"ancestorTitles":["buildStructuredNoteContent"],"fullName":"buildStructuredNoteContent free_paid モードでは無料/有料を分離する","status":"passed","title":"free_paid モードでは無料/有料を分離する","duration":1.080699999999979,"failureMessages":[],"meta":{},"tags":[]},{"ancestorTitles":["buildDraftContext"],"fullName":"buildDraftContext splits paid note bodies into free preview and paid remainder","status":"passed","title":"splits paid note bodies into free preview and paid remainder","duration":0.5317999999999756,"failureMessages":[],"meta":{},"tags":[]},{"ancestorTitles":["buildPublishPayload"],"fullName":"buildPublishPayload free_paid の structured から公開 payload を作る","status":"passed","title":"free_paid の structured から公開 payload を作る","duration":0.6036999999998898,"failureMessages":[],"meta":{},"tags":[]}],"startTime":1776205171320,"endTime":1776205171330.6038,"status":"passed","message":"","name":"C:/Users/i0swi/OneDrive/デスクトップ/ThreadsOS/tests/note-api.test.ts"},{"assertionResults":[{"ancestorTitles":["note publish services"],"fullName":"note publish services prices note higher when historical CV and purchases are strong","status":"passed","title":"prices note higher when historical CV and purchases are strong","duration":42.78710000000001,"failureMessages":[],"meta":{},"tags":[]},{"ancestorTitles":["note publish services"],"fullName":"note publish services stores sync-pending compensation record when local sync fails after remote publish","status":"passed","title":"stores sync-pending compensation record when local sync fails after remote publish","duration":16.236599999999953,"failureMessages":[],"meta":{},"tags":[]},{"ancestorTitles":["note publish services"],"fullName":"note publish services reconciles sync-pending note rows and restores published state from fetched stats","status":"passed","title":"reconciles sync-pending note rows and restores published state from fetched stats","duration":16.910000000000082,"failureMessages":[],"meta":{},"tags":[]}],"startTime":1776205169255,"endTime":1776205169331.91,"status":"passed","message":"","name":"C:/Users/i0swi/OneDrive/デスクトップ/ThreadsOS/tests/note-services.test.ts"},{"assertionResults":[{"ancestorTitles":["operations-mode service"],"fullName":"operations-mode service stays in full_autonomy when monitored systems are healthy","status":"passed","title":"stays in full_autonomy when monitored systems are healthy","duration":45.99610000000007,"failureMessages":[],"meta":{},"tags":[]},{"ancestorTitles":["operations-mode service"],"fullName":"operations-mode service transitions to threads_only when note session is quarantined","status":"passed","title":"transitions to threads_only when note session is quarantined","duration":11.758800000000065,"failureMessages":[],"meta":{},"tags":[]},{"ancestorTitles":["operations-mode service"],"fullName":"operations-mode service transitions to observe_only when a runner is tripped","status":"passed","title":"transitions to observe_only when a runner is tripped","duration":9.77839999999992,"failureMessages":[],"meta":{},"tags":[]},{"ancestorTitles":["operations-mode service"],"fullName":"operations-mode service transitions to safe_freeze when a global pause is active","status":"passed","title":"transitions to safe_freeze when a global pause is active","duration":9.095000000000027,"failureMessages":[],"meta":{},"tags":[]},{"ancestorTitles":["operations-mode service"],"fullName":"operations-mode service records previous mode when transitioning between states","status":"passed","title":"records previous mode when transitioning between states","duration":13.973199999999906,"failureMessages":[],"meta":{},"tags":[]}],"startTime":1776205168205,"endTime":1776205168295.9731,"status":"passed","message":"","name":"C:/Users/i0swi/OneDrive/デスクトップ/ThreadsOS/tests/operations-mode.test.ts"},{"assertionResults":[{"ancestorTitles":["ProposalFlowService"],"fullName":"ProposalFlowService creates hierarchical proposal history and moves to approved","status":"passed","title":"creates hierarchical proposal history and moves to approved","duration":15.66520000000014,"failureMessages":[],"meta":{},"tags":[]}],"startTime":1776205170561,"endTime":1776205170576.6653,"status":"passed","message":"","name":"C:/Users/i0swi/OneDrive/デスクトップ/ThreadsOS/tests/proposal-flow.test.ts"},{"assertionResults":[{"ancestorTitles":["re-execution safety"],"fullName":"re-execution safety keeps post audits and human review items stable across re-audits","status":"failed","title":"keeps post audits and human review items stable across re-audits","duration":42.9386999999997,"failureMessages":["AssertionError: expected [] to have a length of 1 but got +0\n    at Proxy.<anonymous> (file:///C:/Users/i0swi/OneDrive/%E3%83%87%E3%82%B9%E3%82%AF%E3%83%88%E3%83%83%E3%83%97/ThreadsOS/node_modules/.pnpm/@vitest+expect@4.1.2/node_modules/@vitest/expect/dist/index.js:1388:20)\n    at Proxy.<anonymous> (file:///C:/Users/i0swi/OneDrive/%E3%83%87%E3%82%B9%E3%82%AF%E3%83%88%E3%83%83%E3%83%97/ThreadsOS/node_modules/.pnpm/@vitest+expect@4.1.2/node_modules/@vitest/expect/dist/index.js:1155:15)\n    at Proxy.methodWrapper (file:///C:/Users/i0swi/OneDrive/%E3%83%87%E3%82%B9%E3%82%AF%E3%83%88%E3%83%83%E3%83%97/ThreadsOS/node_modules/.pnpm/chai@6.2.2/node_modules/chai/index.js:1700:25)\n    at C:/Users/i0swi/OneDrive/デスクトップ/ThreadsOS/tests/reexecution-safe.test.ts:225:25\n    at processTicksAndRejections (node:internal/process/task_queues:105:5)\n    at file:///C:/Users/i0swi/OneDrive/%E3%83%87%E3%82%B9%E3%82%AF%E3%83%88%E3%83%83%E3%83%97/ThreadsOS/node_modules/.pnpm/@vitest+runner@4.1.2/node_modules/@vitest/runner/dist/chunk-artifact.js:1893:20"],"meta":{},"tags":[]},{"ancestorTitles":["re-execution safety"],"fullName":"re-execution safety keeps note audits and human review items stable across re-audits","status":"failed","title":"keeps note audits and human review items stable across re-audits","duration":10.139700000000175,"failureMessages":["AssertionError: expected [] to have a length of 1 but got +0\n    at Proxy.<anonymous> (file:///C:/Users/i0swi/OneDrive/%E3%83%87%E3%82%B9%E3%82%AF%E3%83%88%E3%83%83%E3%83%97/ThreadsOS/node_modules/.pnpm/@vitest+expect@4.1.2/node_modules/@vitest/expect/dist/index.js:1388:20)\n    at Proxy.<anonymous> (file:///C:/Users/i0swi/OneDrive/%E3%83%87%E3%82%B9%E3%82%AF%E3%83%88%E3%83%83%E3%83%97/ThreadsOS/node_modules/.pnpm/@vitest+expect@4.1.2/node_modules/@vitest/expect/dist/index.js:1155:15)\n    at Proxy.methodWrapper (file:///C:/Users/i0swi/OneDrive/%E3%83%87%E3%82%B9%E3%82%AF%E3%83%88%E3%83%83%E3%83%97/ThreadsOS/node_modules/.pnpm/chai@6.2.2/node_modules/chai/index.js:1700:25)\n    at C:/Users/i0swi/OneDrive/デスクトップ/ThreadsOS/tests/reexecution-safe.test.ts:280:25\n    at processTicksAndRejections (node:internal/process/task_queues:105:5)\n    at file:///C:/Users/i0swi/OneDrive/%E3%83%87%E3%82%B9%E3%82%AF%E3%83%88%E3%83%83%E3%83%97/ThreadsOS/node_modules/.pnpm/@vitest+runner@4.1.2/node_modules/@vitest/runner/dist/chunk-artifact.js:1893:20"],"meta":{},"tags":[]},{"ancestorTitles":["re-execution safety"],"fullName":"re-execution safety keeps ordinary note revise results out of human review","status":"passed","title":"keeps ordinary note revise results out of human review","duration":5.309900000000198,"failureMessages":[],"meta":{},"tags":[]},{"ancestorTitles":["re-execution safety"],"fullName":"re-execution safety normalizes passed note audits to a publishable score","status":"passed","title":"normalizes passed note audits to a publishable score","duration":4.209800000000087,"failureMessages":[],"meta":{},"tags":[]},{"ancestorTitles":["re-execution safety"],"fullName":"re-execution safety parses generated draft arrays with multiline body strings","status":"passed","title":"parses generated draft arrays with multiline body strings","duration":3.4645000000000437,"failureMessages":[],"meta":{},"tags":[]},{"ancestorTitles":["re-execution safety"],"fullName":"re-execution safety parses generated draft arrays with unescaped quotes inside body strings","status":"passed","title":"parses generated draft arrays with unescaped quotes inside body strings","duration":2.875500000000102,"failureMessages":[],"meta":{},"tags":[]},{"ancestorTitles":["re-execution safety"],"fullName":"re-execution safety does not duplicate replies or insights when followup runs twice","status":"passed","title":"does not duplicate replies or insights when followup runs twice","duration":74.85419999999976,"failureMessages":[],"meta":{},"tags":[]},{"ancestorTitles":["re-execution safety"],"fullName":"re-execution safety auto-revises thread drafts until they pass audit","status":"passed","title":"auto-revises thread drafts until they pass audit","duration":9.425400000000081,"failureMessages":[],"meta":{},"tags":[]},{"ancestorTitles":["re-execution safety"],"fullName":"re-execution safety batch-audits thread drafts while preserving per-draft review state","status":"failed","title":"batch-audits thread drafts while preserving per-draft review state","duration":9.607300000000123,"failureMessages":["AssertionError: expected [] to have a length of 1 but got +0\n    at Proxy.<anonymous> (file:///C:/Users/i0swi/OneDrive/%E3%83%87%E3%82%B9%E3%82%AF%E3%83%88%E3%83%83%E3%83%97/ThreadsOS/node_modules/.pnpm/@vitest+expect@4.1.2/node_modules/@vitest/expect/dist/index.js:1388:20)\n    at Proxy.<anonymous> (file:///C:/Users/i0swi/OneDrive/%E3%83%87%E3%82%B9%E3%82%AF%E3%83%88%E3%83%83%E3%83%97/ThreadsOS/node_modules/.pnpm/@vitest+expect@4.1.2/node_modules/@vitest/expect/dist/index.js:1155:15)\n    at Proxy.methodWrapper (file:///C:/Users/i0swi/OneDrive/%E3%83%87%E3%82%B9%E3%82%AF%E3%83%88%E3%83%83%E3%83%97/ThreadsOS/node_modules/.pnpm/chai@6.2.2/node_modules/chai/index.js:1700:25)\n    at C:/Users/i0swi/OneDrive/デスクトップ/ThreadsOS/tests/reexecution-safe.test.ts:726:25\n    at processTicksAndRejections (node:internal/process/task_queues:105:5)\n    at file:///C:/Users/i0swi/OneDrive/%E3%83%87%E3%82%B9%E3%82%AF%E3%83%88%E3%83%83%E3%83%97/ThreadsOS/node_modules/.pnpm/@vitest+runner@4.1.2/node_modules/@vitest/runner/dist/chunk-artifact.js:1893:20"],"meta":{},"tags":[]},{"ancestorTitles":["re-execution safety"],"fullName":"re-execution safety auto-revises note drafts until they pass audit","status":"passed","title":"auto-revises note drafts until they pass audit","duration":7.330199999999877,"failureMessages":[],"meta":{},"tags":[]},{"ancestorTitles":["re-execution safety"],"fullName":"re-execution safety prioritizes winning Threads topics for nightly note generation","status":"passed","title":"prioritizes winning Threads topics for nightly note generation","duration":13.20659999999998,"failureMessages":[],"meta":{},"tags":[]},{"ancestorTitles":["re-execution safety"],"fullName":"re-execution safety creates a Threads promotion draft after note publication","status":"passed","title":"creates a Threads promotion draft after note publication","duration":80.46120000000019,"failureMessages":[],"meta":{},"tags":[]},{"ancestorTitles":["re-execution safety"],"fullName":"re-execution safety dry-run thread publishing ignores ineligible slots","status":"passed","title":"dry-run thread publishing ignores ineligible slots","duration":3.5486000000000786,"failureMessages":[],"meta":{},"tags":[]},{"ancestorTitles":["re-execution safety"],"fullName":"re-execution safety dry-run note publishing ignores ineligible slots","status":"passed","title":"dry-run note publishing ignores ineligible slots","duration":2.621399999999994,"failureMessages":[],"meta":{},"tags":[]},{"ancestorTitles":["re-execution safety"],"fullName":"re-execution safety parses cadence optimizer responses with fenced multiline JSON","status":"passed","title":"parses cadence optimizer responses with fenced multiline JSON","duration":2.2656999999999243,"failureMessages":[],"meta":{},"tags":[]},{"ancestorTitles":["re-execution safety"],"fullName":"re-execution safety returns camelCase profile data from Threads API","status":"passed","title":"returns camelCase profile data from Threads API","duration":2.2249000000001615,"failureMessages":[],"meta":{},"tags":[]},{"ancestorTitles":["re-execution safety"],"fullName":"re-execution safety falls back to per-metric Threads insights requests when bulk query fails","status":"passed","title":"falls back to per-metric Threads insights requests when bulk query fails","duration":4075.5346000000004,"failureMessages":[],"meta":{},"tags":[]}],"startTime":1776205166002,"endTime":1776205170353.5347,"status":"failed","message":"","name":"C:/Users/i0swi/OneDrive/デスクトップ/ThreadsOS/tests/reexecution-safe.test.ts"},{"assertionResults":[{"ancestorTitles":["reprocessing safety"],"fullName":"reprocessing safety does not duplicate replies or insights when followup runs twice","status":"passed","title":"does not duplicate replies or insights when followup runs twice","duration":95.20980000000009,"failureMessages":[],"meta":{},"tags":[]},{"ancestorTitles":["reprocessing safety"],"fullName":"reprocessing safety returns camelCase user profile fields","status":"passed","title":"returns camelCase user profile fields","duration":37.533500000000004,"failureMessages":[],"meta":{},"tags":[]}],"startTime":1776205166002,"endTime":1776205166134.5334,"status":"passed","message":"","name":"C:/Users/i0swi/OneDrive/デスクトップ/ThreadsOS/tests/reprocessing.test.ts"},{"assertionResults":[{"ancestorTitles":["RetrievalService"],"fullName":"RetrievalService builds compact context from memory and research records","status":"passed","title":"builds compact context from memory and research records","duration":17.77729999999997,"failureMessages":[],"meta":{},"tags":[]}],"startTime":1776205170435,"endTime":1776205170452.7773,"status":"passed","message":"","name":"C:/Users/i0swi/OneDrive/デスクトップ/ThreadsOS/tests/retrieval.test.ts"},{"assertionResults":[{"ancestorTitles":["approveReviewItem"],"fullName":"approveReviewItem restores approved note drafts to an auditable publishable state","status":"passed","title":"restores approved note drafts to an auditable publishable state","duration":12.283699999999953,"failureMessages":[],"meta":{},"tags":[]}],"startTime":1776205165587,"endTime":1776205165599.2837,"status":"passed","message":"","name":"C:/Users/i0swi/OneDrive/デスクトップ/ThreadsOS/tests/review-approve.test.ts"},{"assertionResults":[{"ancestorTitles":["rollback service"],"fullName":"rollback service does not request rollback when snapshots are insufficient","status":"passed","title":"does not request rollback when snapshots are insufficient","duration":35.271600000000035,"failureMessages":[],"meta":{},"tags":[]},{"ancestorTitles":["rollback service"],"fullName":"rollback service applies note rollback to the latest winning pattern when purchase rate drops","status":"passed","title":"applies note rollback to the latest winning pattern when purchase rate drops","duration":23.923500000000104,"failureMessages":[],"meta":{},"tags":[]},{"ancestorTitles":["rollback service"],"fullName":"rollback service detects threads rollback when profile transition rate drops","status":"passed","title":"detects threads rollback when profile transition rate drops","duration":12.211700000000064,"failureMessages":[],"meta":{},"tags":[]},{"ancestorTitles":["rollback service"],"fullName":"rollback service does not duplicate rollback for the same trigger snapshot","status":"passed","title":"does not duplicate rollback for the same trigger snapshot","duration":12.794700000000148,"failureMessages":[],"meta":{},"tags":[]}],"startTime":1776205168275,"endTime":1776205168358.7947,"status":"passed","message":"","name":"C:/Users/i0swi/OneDrive/デスクトップ/ThreadsOS/tests/rollback.test.ts"},{"assertionResults":[{"ancestorTitles":["runner-router"],"fullName":"runner-router passes the configured model to the copilot script","status":"passed","title":"passes the configured model to the copilot script","duration":6.560600000000022,"failureMessages":[],"meta":{},"tags":[]},{"ancestorTitles":["runner-router"],"fullName":"runner-router falls back to the next runner when the primary runner fails","status":"passed","title":"falls back to the next runner when the primary runner fails","duration":4.930100000000039,"failureMessages":[],"meta":{},"tags":[]},{"ancestorTitles":["runner-router"],"fullName":"runner-router retries once when a runner returns invalid JSON","status":"passed","title":"retries once when a runner returns invalid JSON","duration":2.7478000000000975,"failureMessages":[],"meta":{},"tags":[]}],"startTime":1776205170624,"endTime":1776205170638.7478,"status":"passed","message":"","name":"C:/Users/i0swi/OneDrive/デスクトップ/ThreadsOS/tests/runner-router.test.ts"},{"assertionResults":[{"ancestorTitles":["runtime-ledger repository"],"fullName":"runtime-ledger repository rejects duplicate outbox enqueue by idempotency key","status":"passed","title":"rejects duplicate outbox enqueue by idempotency key","duration":52.556499999999915,"failureMessages":[],"meta":{},"tags":[]},{"ancestorTitles":["runtime-ledger repository"],"fullName":"runtime-ledger repository claims, completes, and fails outbox rows","status":"passed","title":"claims, completes, and fails outbox rows","duration":15.55139999999983,"failureMessages":[],"meta":{},"tags":[]},{"ancestorTitles":["runtime-ledger repository"],"fullName":"runtime-ledger repository stores and reads funnel snapshots","status":"passed","title":"stores and reads funnel snapshots","duration":11.085000000000036,"failureMessages":[],"meta":{},"tags":[]},{"ancestorTitles":["runtime-ledger repository"],"fullName":"runtime-ledger repository acquires a lease once and releases it","status":"passed","title":"acquires a lease once and releases it","duration":8.196500000000015,"failureMessages":[],"meta":{},"tags":[]}],"startTime":1776205168962,"endTime":1776205169050.1965,"status":"passed","message":"","name":"C:/Users/i0swi/OneDrive/デスクトップ/ThreadsOS/tests/runtime-ledger.test.ts"},{"assertionResults":[{"ancestorTitles":["SafetyService","checkDuplicatePost"],"fullName":"SafetyService checkDuplicatePost returns false when no recent posts exist","status":"failed","title":"returns false when no recent posts exist","duration":17.078899999999976,"failureMessages":["SqliteError: no such column: \"campaign_id\" - should this be a string literal in single-quotes?\n    at Database.prepare (C:\\Users\\i0swi\\OneDrive\\デスクトップ\\ThreadsOS\\node_modules\\.pnpm\\better-sqlite3@12.8.0\\node_modules\\better-sqlite3\\lib\\methods\\wrappers.js:5:21)\n    at BetterSQLiteSession.prepareQuery (file:///C:/Users/i0swi/OneDrive/%E3%83%87%E3%82%B9%E3%82%AF%E3%83%88%E3%83%83%E3%83%97/ThreadsOS/node_modules/.pnpm/drizzle-orm@0.45.2_@types+b_fadbb3778648ec1901394176057e01bd/node_modules/drizzle-orm/better-sqlite3/session.js:23:30)\n    at BetterSQLiteSession.prepareOneTimeQuery (file:///C:/Users/i0swi/OneDrive/%E3%83%87%E3%82%B9%E3%82%AF%E3%83%88%E3%83%83%E3%83%97/ThreadsOS/node_modules/.pnpm/drizzle-orm@0.45.2_@types+b_fadbb3778648ec1901394176057e01bd/node_modules/drizzle-orm/sqlite-core/session.js:141:17)\n    at SQLiteSelectBase._prepare (file:///C:/Users/i0swi/OneDrive/%E3%83%87%E3%82%B9%E3%82%AF%E3%83%88%E3%83%83%E3%83%97/ThreadsOS/node_modules/.pnpm/drizzle-orm@0.45.2_@types+b_fadbb3778648ec1901394176057e01bd/node_modules/drizzle-orm/sqlite-core/query-builders/select.js:615:88)\n    at SQLiteSelectBase.all (file:///C:/Users/i0swi/OneDrive/%E3%83%87%E3%82%B9%E3%82%AF%E3%83%88%E3%83%83%E3%83%97/ThreadsOS/node_modules/.pnpm/drizzle-orm@0.45.2_@types+b_fadbb3778648ec1901394176057e01bd/node_modules/drizzle-orm/sqlite-core/query-builders/select.js:641:17)\n    at Object.checkDuplicatePost (C:/Users/i0swi/OneDrive/デスクトップ/ThreadsOS/src/services/safety/index.ts:53:8)\n    at C:/Users/i0swi/OneDrive/デスクトップ/ThreadsOS/tests/safety.test.ts:92:18\n    at file:///C:/Users/i0swi/OneDrive/%E3%83%87%E3%82%B9%E3%82%AF%E3%83%88%E3%83%83%E3%83%97/ThreadsOS/node_modules/.pnpm/@vitest+runner@4.1.2/node_modules/@vitest/runner/dist/chunk-artifact.js:302:11\n    at file:///C:/Users/i0swi/OneDrive/%E3%83%87%E3%82%B9%E3%82%AF%E3%83%88%E3%83%83%E3%83%97/ThreadsOS/node_modules/.pnpm/@vitest+runner@4.1.2/node_modules/@vitest/runner/dist/chunk-artifact.js:1893:26\n    at file:///C:/Users/i0swi/OneDrive/%E3%83%87%E3%82%B9%E3%82%AF%E3%83%88%E3%83%83%E3%83%97/ThreadsOS/node_modules/.pnpm/@vitest+runner@4.1.2/node_modules/@vitest/runner/dist/chunk-artifact.js:2316:20"],"meta":{},"tags":[]},{"ancestorTitles":["SafetyService","checkDuplicatePost"],"fullName":"SafetyService checkDuplicatePost returns true for exact duplicate within 24h","status":"failed","title":"returns true for exact duplicate within 24h","duration":3.3299000000001797,"failureMessages":["SqliteError: table thread_post_drafts has no column named campaign_id\n    at Database.prepare (C:\\Users\\i0swi\\OneDrive\\デスクトップ\\ThreadsOS\\node_modules\\.pnpm\\better-sqlite3@12.8.0\\node_modules\\better-sqlite3\\lib\\methods\\wrappers.js:5:21)\n    at BetterSQLiteSession.prepareQuery (file:///C:/Users/i0swi/OneDrive/%E3%83%87%E3%82%B9%E3%82%AF%E3%83%88%E3%83%83%E3%83%97/ThreadsOS/node_modules/.pnpm/drizzle-orm@0.45.2_@types+b_fadbb3778648ec1901394176057e01bd/node_modules/drizzle-orm/better-sqlite3/session.js:23:30)\n    at BetterSQLiteSession.prepareOneTimeQuery (file:///C:/Users/i0swi/OneDrive/%E3%83%87%E3%82%B9%E3%82%AF%E3%83%88%E3%83%83%E3%83%97/ThreadsOS/node_modules/.pnpm/drizzle-orm@0.45.2_@types+b_fadbb3778648ec1901394176057e01bd/node_modules/drizzle-orm/sqlite-core/session.js:141:17)\n    at QueryPromise._prepare (file:///C:/Users/i0swi/OneDrive/%E3%83%87%E3%82%B9%E3%82%AF%E3%83%88%E3%83%83%E3%83%97/ThreadsOS/node_modules/.pnpm/drizzle-orm@0.45.2_@types+b_fadbb3778648ec1901394176057e01bd/node_modules/drizzle-orm/sqlite-core/query-builders/insert.js:146:81)\n    at QueryPromise.run (file:///C:/Users/i0swi/OneDrive/%E3%83%87%E3%82%B9%E3%82%AF%E3%83%88%E3%83%83%E3%83%97/ThreadsOS/node_modules/.pnpm/drizzle-orm@0.45.2_@types+b_fadbb3778648ec1901394176057e01bd/node_modules/drizzle-orm/sqlite-core/query-builders/insert.js:162:17)\n    at C:/Users/i0swi/OneDrive/デスクトップ/ThreadsOS/tests/safety.test.ts:109:10\n    at file:///C:/Users/i0swi/OneDrive/%E3%83%87%E3%82%B9%E3%82%AF%E3%83%88%E3%83%83%E3%83%97/ThreadsOS/node_modules/.pnpm/@vitest+runner@4.1.2/node_modules/@vitest/runner/dist/chunk-artifact.js:302:11\n    at file:///C:/Users/i0swi/OneDrive/%E3%83%87%E3%82%B9%E3%82%AF%E3%83%88%E3%83%83%E3%83%97/ThreadsOS/node_modules/.pnpm/@vitest+runner@4.1.2/node_modules/@vitest/runner/dist/chunk-artifact.js:1893:26\n    at file:///C:/Users/i0swi/OneDrive/%E3%83%87%E3%82%B9%E3%82%AF%E3%83%88%E3%83%83%E3%83%97/ThreadsOS/node_modules/.pnpm/@vitest+runner@4.1.2/node_modules/@vitest/runner/dist/chunk-artifact.js:2316:20\n    at new Promise (<anonymous>)"],"meta":{},"tags":[]},{"ancestorTitles":["SafetyService","checkDuplicatePost"],"fullName":"SafetyService checkDuplicatePost returns true for near-duplicate (high similarity)","status":"failed","title":"returns true for near-duplicate (high similarity)","duration":1.4530999999999494,"failureMessages":["SqliteError: table thread_post_drafts has no column named campaign_id\n    at Database.prepare (C:\\Users\\i0swi\\OneDrive\\デスクトップ\\ThreadsOS\\node_modules\\.pnpm\\better-sqlite3@12.8.0\\node_modules\\better-sqlite3\\lib\\methods\\wrappers.js:5:21)\n    at BetterSQLiteSession.prepareQuery (file:///C:/Users/i0swi/OneDrive/%E3%83%87%E3%82%B9%E3%82%AF%E3%83%88%E3%83%83%E3%83%97/ThreadsOS/node_modules/.pnpm/drizzle-orm@0.45.2_@types+b_fadbb3778648ec1901394176057e01bd/node_modules/drizzle-orm/better-sqlite3/session.js:23:30)\n    at BetterSQLiteSession.prepareOneTimeQuery (file:///C:/Users/i0swi/OneDrive/%E3%83%87%E3%82%B9%E3%82%AF%E3%83%88%E3%83%83%E3%83%97/ThreadsOS/node_modules/.pnpm/drizzle-orm@0.45.2_@types+b_fadbb3778648ec1901394176057e01bd/node_modules/drizzle-orm/sqlite-core/session.js:141:17)\n    at QueryPromise._prepare (file:///C:/Users/i0swi/OneDrive/%E3%83%87%E3%82%B9%E3%82%AF%E3%83%88%E3%83%83%E3%83%97/ThreadsOS/node_modules/.pnpm/drizzle-orm@0.45.2_@types+b_fadbb3778648ec1901394176057e01bd/node_modules/drizzle-orm/sqlite-core/query-builders/insert.js:146:81)\n    at QueryPromise.run (file:///C:/Users/i0swi/OneDrive/%E3%83%87%E3%82%B9%E3%82%AF%E3%83%88%E3%83%83%E3%83%97/ThreadsOS/node_modules/.pnpm/drizzle-orm@0.45.2_@types+b_fadbb3778648ec1901394176057e01bd/node_modules/drizzle-orm/sqlite-core/query-builders/insert.js:162:17)\n    at C:/Users/i0swi/OneDrive/デスクトップ/ThreadsOS/tests/safety.test.ts:138:10\n    at file:///C:/Users/i0swi/OneDrive/%E3%83%87%E3%82%B9%E3%82%AF%E3%83%88%E3%83%83%E3%83%97/ThreadsOS/node_modules/.pnpm/@vitest+runner@4.1.2/node_modules/@vitest/runner/dist/chunk-artifact.js:302:11\n    at file:///C:/Users/i0swi/OneDrive/%E3%83%87%E3%82%B9%E3%82%AF%E3%83%88%E3%83%83%E3%83%97/ThreadsOS/node_modules/.pnpm/@vitest+runner@4.1.2/node_modules/@vitest/runner/dist/chunk-artifact.js:1893:26\n    at file:///C:/Users/i0swi/OneDrive/%E3%83%87%E3%82%B9%E3%82%AF%E3%83%88%E3%83%83%E3%83%97/ThreadsOS/node_modules/.pnpm/@vitest+runner@4.1.2/node_modules/@vitest/runner/dist/chunk-artifact.js:2316:20\n    at new Promise (<anonymous>)"],"meta":{},"tags":[]},{"ancestorTitles":["SafetyService","checkDuplicatePost"],"fullName":"SafetyService checkDuplicatePost returns false for dissimilar posts","status":"failed","title":"returns false for dissimilar posts","duration":1.717200000000048,"failureMessages":["SqliteError: table thread_post_drafts has no column named campaign_id\n    at Database.prepare (C:\\Users\\i0swi\\OneDrive\\デスクトップ\\ThreadsOS\\node_modules\\.pnpm\\better-sqlite3@12.8.0\\node_modules\\better-sqlite3\\lib\\methods\\wrappers.js:5:21)\n    at BetterSQLiteSession.prepareQuery (file:///C:/Users/i0swi/OneDrive/%E3%83%87%E3%82%B9%E3%82%AF%E3%83%88%E3%83%83%E3%83%97/ThreadsOS/node_modules/.pnpm/drizzle-orm@0.45.2_@types+b_fadbb3778648ec1901394176057e01bd/node_modules/drizzle-orm/better-sqlite3/session.js:23:30)\n    at BetterSQLiteSession.prepareOneTimeQuery (file:///C:/Users/i0swi/OneDrive/%E3%83%87%E3%82%B9%E3%82%AF%E3%83%88%E3%83%83%E3%83%97/ThreadsOS/node_modules/.pnpm/drizzle-orm@0.45.2_@types+b_fadbb3778648ec1901394176057e01bd/node_modules/drizzle-orm/sqlite-core/session.js:141:17)\n    at QueryPromise._prepare (file:///C:/Users/i0swi/OneDrive/%E3%83%87%E3%82%B9%E3%82%AF%E3%83%88%E3%83%83%E3%83%97/ThreadsOS/node_modules/.pnpm/drizzle-orm@0.45.2_@types+b_fadbb3778648ec1901394176057e01bd/node_modules/drizzle-orm/sqlite-core/query-builders/insert.js:146:81)\n    at QueryPromise.run (file:///C:/Users/i0swi/OneDrive/%E3%83%87%E3%82%B9%E3%82%AF%E3%83%88%E3%83%83%E3%83%97/ThreadsOS/node_modules/.pnpm/drizzle-orm@0.45.2_@types+b_fadbb3778648ec1901394176057e01bd/node_modules/drizzle-orm/sqlite-core/query-builders/insert.js:162:17)\n    at C:/Users/i0swi/OneDrive/デスクトップ/ThreadsOS/tests/safety.test.ts:172:10\n    at file:///C:/Users/i0swi/OneDrive/%E3%83%87%E3%82%B9%E3%82%AF%E3%83%88%E3%83%83%E3%83%97/ThreadsOS/node_modules/.pnpm/@vitest+runner@4.1.2/node_modules/@vitest/runner/dist/chunk-artifact.js:302:11\n    at file:///C:/Users/i0swi/OneDrive/%E3%83%87%E3%82%B9%E3%82%AF%E3%83%88%E3%83%83%E3%83%97/ThreadsOS/node_modules/.pnpm/@vitest+runner@4.1.2/node_modules/@vitest/runner/dist/chunk-artifact.js:1893:26\n    at file:///C:/Users/i0swi/OneDrive/%E3%83%87%E3%82%B9%E3%82%AF%E3%83%88%E3%83%83%E3%83%97/ThreadsOS/node_modules/.pnpm/@vitest+runner@4.1.2/node_modules/@vitest/runner/dist/chunk-artifact.js:2316:20\n    at new Promise (<anonymous>)"],"meta":{},"tags":[]},{"ancestorTitles":["SafetyService","checkAutoApproval"],"fullName":"SafetyService checkAutoApproval returns true for routine actions","status":"passed","title":"returns true for routine actions","duration":1.8328999999998814,"failureMessages":[],"meta":{},"tags":[]},{"ancestorTitles":["SafetyService","checkAutoApproval"],"fullName":"SafetyService checkAutoApproval returns false for weekly_retro (requires review)","status":"passed","title":"returns false for weekly_retro (requires review)","duration":0.541700000000219,"failureMessages":[],"meta":{},"tags":[]},{"ancestorTitles":["SafetyService","checkCostDegradation"],"fullName":"SafetyService checkCostDegradation returns normal when no budgets exist","status":"passed","title":"returns normal when no budgets exist","duration":1.3953000000001339,"failureMessages":[],"meta":{},"tags":[]},{"ancestorTitles":["SafetyService","checkCostDegradation"],"fullName":"SafetyService checkCostDegradation returns normal when usage is low","status":"passed","title":"returns normal when usage is low","duration":1.9427999999998065,"failureMessages":[],"meta":{},"tags":[]},{"ancestorTitles":["SafetyService","checkCostDegradation"],"fullName":"SafetyService checkCostDegradation returns degraded when usage exceeds 80%","status":"passed","title":"returns degraded when usage exceeds 80%","duration":1.321100000000115,"failureMessages":[],"meta":{},"tags":[]},{"ancestorTitles":["SafetyService","checkCostDegradation"],"fullName":"SafetyService checkCostDegradation returns emergency when usage exceeds 95%","status":"passed","title":"returns emergency when usage exceeds 95%","duration":1.2722999999998592,"failureMessages":[],"meta":{},"tags":[]},{"ancestorTitles":["SafetyService","checkCostDegradation"],"fullName":"SafetyService checkCostDegradation returns emergency when calls exceed 95%","status":"passed","title":"returns emergency when calls exceed 95%","duration":1.487100000000055,"failureMessages":[],"meta":{},"tags":[]},{"ancestorTitles":["SafetyService","shouldForceStop"],"fullName":"SafetyService shouldForceStop returns false when fewer than 5 runs exist","status":"passed","title":"returns false when fewer than 5 runs exist","duration":2.3396999999999935,"failureMessages":[],"meta":{},"tags":[]},{"ancestorTitles":["SafetyService","shouldForceStop"],"fullName":"SafetyService shouldForceStop returns true when last 5 runs all failed","status":"passed","title":"returns true when last 5 runs all failed","duration":2.251700000000028,"failureMessages":[],"meta":{},"tags":[]},{"ancestorTitles":["SafetyService","shouldForceStop"],"fullName":"SafetyService shouldForceStop returns false when one of last 5 runs succeeded","status":"passed","title":"returns false when one of last 5 runs succeeded","duration":2.393100000000004,"failureMessages":[],"meta":{},"tags":[]},{"ancestorTitles":["SafetyService","shouldForceStop"],"fullName":"SafetyService shouldForceStop ignores failures from other job types","status":"passed","title":"ignores failures from other job types","duration":1.8079000000000178,"failureMessages":[],"meta":{},"tags":[]}],"startTime":1776205165336,"endTime":1776205165379.8079,"status":"failed","message":"","name":"C:/Users/i0swi/OneDrive/デスクトップ/ThreadsOS/tests/safety.test.ts"},{"assertionResults":[{"ancestorTitles":["Server"],"fullName":"Server GET /health returns 200 with status ok","status":"passed","title":"GET /health returns 200 with status ok","duration":328.86860000000024,"failureMessages":[],"meta":{},"tags":[]},{"ancestorTitles":["Server"],"fullName":"Server serves the dashboard HTML from the production app wiring","status":"failed","title":"serves the dashboard HTML from the production app wiring","duration":83.64699999999993,"failureMessages":["AssertionError: expected '<!DOCTYPE html>\\r\\n<html lang=\"ja\">\\r…' to contain '<title>ThreadsOS</title>'\n    at C:/Users/i0swi/OneDrive/デスクトップ/ThreadsOS/tests/server.test.ts:47:27\n    at processTicksAndRejections (node:internal/process/task_queues:105:5)\n    at file:///C:/Users/i0swi/OneDrive/%E3%83%87%E3%82%B9%E3%82%AF%E3%83%88%E3%83%83%E3%83%97/ThreadsOS/node_modules/.pnpm/@vitest+runner@4.1.2/node_modules/@vitest/runner/dist/chunk-artifact.js:1893:20"],"meta":{},"tags":[]},{"ancestorTitles":["Server"],"fullName":"Server protects dashboard routes when a token is configured","status":"passed","title":"protects dashboard routes when a token is configured","duration":41.68469999999979,"failureMessages":[],"meta":{},"tags":[]},{"ancestorTitles":["Server"],"fullName":"Server protects the dashboard root when a token is configured","status":"failed","title":"protects the dashboard root when a token is configured","duration":49.4675000000002,"failureMessages":["AssertionError: expected '<!DOCTYPE html>\\r\\n<html lang=\"ja\">\\r…' to contain '<title>ThreadsOS</title>'\n    at C:/Users/i0swi/OneDrive/デスクトップ/ThreadsOS/tests/server.test.ts:88:26\n    at processTicksAndRejections (node:internal/process/task_queues:105:5)\n    at file:///C:/Users/i0swi/OneDrive/%E3%83%87%E3%82%B9%E3%82%AF%E3%83%88%E3%83%83%E3%83%97/ThreadsOS/node_modules/.pnpm/@vitest+runner@4.1.2/node_modules/@vitest/runner/dist/chunk-artifact.js:1893:20"],"meta":{},"tags":[]}],"startTime":1776205166000,"endTime":1776205166504.4675,"status":"failed","message":"","name":"C:/Users/i0swi/OneDrive/デスクトップ/ThreadsOS/tests/server.test.ts"},{"assertionResults":[{"ancestorTitles":["TopicSelectionService"],"fullName":"TopicSelectionService should create a topic","status":"passed","title":"should create a topic","duration":4.8723999999999705,"failureMessages":[],"meta":{},"tags":[]},{"ancestorTitles":["TopicSelectionService"],"fullName":"TopicSelectionService should select daily topics by priority","status":"passed","title":"should select daily topics by priority","duration":4.230800000000045,"failureMessages":[],"meta":{},"tags":[]},{"ancestorTitles":["TopicSelectionService"],"fullName":"TopicSelectionService should archive a topic","status":"passed","title":"should archive a topic","duration":1.8307999999999538,"failureMessages":[],"meta":{},"tags":[]}],"startTime":1776205170739,"endTime":1776205170750.8308,"status":"passed","message":"","name":"C:/Users/i0swi/OneDrive/デスクトップ/ThreadsOS/tests/services.test.ts"},{"assertionResults":[{"ancestorTitles":["strategyHistory"],"fullName":"strategyHistory stores a strategy history entry","status":"passed","title":"stores a strategy history entry","duration":10.79489999999987,"failureMessages":[],"meta":{},"tags":[]},{"ancestorTitles":["strategyHistory"],"fullName":"strategyHistory preserves history across multiple cycles","status":"passed","title":"preserves history across multiple cycles","duration":3.1321000000000367,"failureMessages":[],"meta":{},"tags":[]}],"startTime":1776205167532,"endTime":1776205167546.132,"status":"passed","message":"","name":"C:/Users/i0swi/OneDrive/デスクトップ/ThreadsOS/tests/strategy-history.test.ts"},{"assertionResults":[{"ancestorTitles":["ThreadsGraphApiClient"],"fullName":"ThreadsGraphApiClient falls back to aliases and zeros when insight metrics are unavailable","status":"passed","title":"falls back to aliases and zeros when insight metrics are unavailable","duration":65.52070000000003,"failureMessages":[],"meta":{},"tags":[]}],"startTime":1776205168243,"endTime":1776205168308.5208,"status":"passed","message":"","name":"C:/Users/i0swi/OneDrive/デスクトップ/ThreadsOS/tests/threads-api.test.ts"},{"assertionResults":[{"ancestorTitles":["tier-15m job"],"fullName":"tier-15m job runs metrics-sync inside the 15-minute tier","status":"passed","title":"runs metrics-sync inside the 15-minute tier","duration":38.59159999999997,"failureMessages":[],"meta":{},"tags":[]}],"startTime":1776205168801,"endTime":1776205168839.5916,"status":"passed","message":"","name":"C:/Users/i0swi/OneDrive/デスクトップ/ThreadsOS/tests/tier-15m.test.ts"},{"assertionResults":[{"ancestorTitles":["Dashboard E2E Integration"],"fullName":"Dashboard E2E Integration surfaces summary focus and detail panels from real routes","status":"passed","title":"surfaces summary focus and detail panels from real routes","duration":338.43870000000015,"failureMessages":[],"meta":{},"tags":[]},{"ancestorTitles":["Dashboard E2E Integration"],"fullName":"Dashboard E2E Integration records department control and structured directive flows","status":"passed","title":"records department control and structured directive flows","duration":71.08500000000004,"failureMessages":[],"meta":{},"tags":[]},{"ancestorTitles":["Dashboard E2E Integration"],"fullName":"Dashboard E2E Integration surfaces KPI and logs from the actual dashboard routes","status":"passed","title":"surfaces KPI and logs from the actual dashboard routes","duration":28.464100000000144,"failureMessages":[],"meta":{},"tags":[]},{"ancestorTitles":["Dashboard E2E Integration"],"fullName":"Dashboard E2E Integration serves observation-first runtime data from the actual dashboard route","status":"passed","title":"serves observation-first runtime data from the actual dashboard route","duration":27.825600000000122,"failureMessages":[],"meta":{},"tags":[]}],"startTime":1776205165824,"endTime":1776205166289.8257,"status":"passed","message":"","name":"C:/Users/i0swi/OneDrive/デスクトップ/ThreadsOS/tests/integration/dashboard-e2e.test.ts"},{"assertionResults":[{"ancestorTitles":["Heartbeat Flow Integration"],"fullName":"Heartbeat Flow Integration runs a full heartbeat cycle: diff -> executive plan -> department run -> summary","status":"passed","title":"runs a full heartbeat cycle: diff -> executive plan -> department run -> summary","duration":58.178699999999935,"failureMessages":[],"meta":{},"tags":[]},{"ancestorTitles":["Heartbeat Flow Integration"],"fullName":"Heartbeat Flow Integration skips heartbeat when system_controls has global pause","status":"passed","title":"skips heartbeat when system_controls has global pause","duration":2.3897000000001754,"failureMessages":[],"meta":{},"tags":[]},{"ancestorTitles":["Heartbeat Flow Integration"],"fullName":"Heartbeat Flow Integration defers actions when budget is exceeded","status":"passed","title":"defers actions when budget is exceeded","duration":3.9814000000001215,"failureMessages":[],"meta":{},"tags":[]},{"ancestorTitles":["Heartbeat Flow Integration"],"fullName":"Heartbeat Flow Integration memory service stores and retrieves department context across heartbeats","status":"passed","title":"memory service stores and retrieves department context across heartbeats","duration":3.958799999999883,"failureMessages":[],"meta":{},"tags":[]},{"ancestorTitles":["Heartbeat Flow Integration"],"fullName":"Heartbeat Flow Integration safety service detects consecutive failures","status":"passed","title":"safety service detects consecutive failures","duration":2.5804000000002816,"failureMessages":[],"meta":{},"tags":[]},{"ancestorTitles":["Heartbeat Flow Integration"],"fullName":"Heartbeat Flow Integration executive returns llmReasoning and departmentInstructions on normal plan","status":"passed","title":"executive returns llmReasoning and departmentInstructions on normal plan","duration":5.223599999999806,"failureMessages":[],"meta":{},"tags":[]}],"startTime":1776205165802,"endTime":1776205165878.2236,"status":"passed","message":"","name":"C:/Users/i0swi/OneDrive/デスクトップ/ThreadsOS/tests/integration/heartbeat-flow.test.ts"},{"assertionResults":[{"ancestorTitles":["Proposal Flow Integration"],"fullName":"Proposal Flow Integration creates a proposal as pending, then approves to executed","status":"passed","title":"creates a proposal as pending, then approves to executed","duration":13.346099999999979,"failureMessages":[],"meta":{},"tags":[]},{"ancestorTitles":["Proposal Flow Integration"],"fullName":"Proposal Flow Integration creates a proposal as pending, then rejects it","status":"passed","title":"creates a proposal as pending, then rejects it","duration":2.468499999999949,"failureMessages":[],"meta":{},"tags":[]},{"ancestorTitles":["Proposal Flow Integration"],"fullName":"Proposal Flow Integration auto-approvable actions pass safety check, high-risk do not","status":"passed","title":"auto-approvable actions pass safety check, high-risk do not","duration":1.3268000000000484,"failureMessages":[],"meta":{},"tags":[]},{"ancestorTitles":["Proposal Flow Integration"],"fullName":"Proposal Flow Integration human_review_items flow: pending -> approved","status":"passed","title":"human_review_items flow: pending -> approved","duration":2.7036000000000513,"failureMessages":[],"meta":{},"tags":[]},{"ancestorTitles":["Proposal Flow Integration"],"fullName":"Proposal Flow Integration human_review_items flow: pending -> rejected","status":"passed","title":"human_review_items flow: pending -> rejected","duration":1.5898999999999432,"failureMessages":[],"meta":{},"tags":[]}],"startTime":1776205167436,"endTime":1776205167457.5898,"status":"passed","message":"","name":"C:/Users/i0swi/OneDrive/デスクトップ/ThreadsOS/tests/integration/proposal-flow.test.ts"}]}