{"numTotalTestSuites":69,"numPassedTestSuites":65,"numFailedTestSuites":4,"numPendingTestSuites":0,"numTotalTests":155,"numPassedTests":151,"numFailedTests":4,"numPendingTests":0,"numTodoTests":0,"snapshot":{"added":0,"failure":false,"filesAdded":0,"filesRemoved":0,"filesRemovedList":[],"filesUnmatched":0,"filesUpdated":0,"matched":0,"total":0,"unchecked":0,"uncheckedKeysByFile":[],"unmatched":0,"updated":0,"didUpdate":false},"startTime":1775899150303,"success":false,"testResults":[{"assertionResults":[{"ancestorTitles":["FileSystemStorageClient"],"fullName":"FileSystemStorageClient should save and read a file","status":"passed","title":"should save and read a file","duration":19.900699999999915,"failureMessages":[],"meta":{},"tags":[]},{"ancestorTitles":["FileSystemStorageClient"],"fullName":"FileSystemStorageClient should list files in a directory","status":"passed","title":"should list files in a directory","duration":286.88879999999995,"failureMessages":[],"meta":{},"tags":[]},{"ancestorTitles":["FileSystemStorageClient"],"fullName":"FileSystemStorageClient should check if file exists","status":"passed","title":"should check if file exists","duration":66.28670000000011,"failureMessages":[],"meta":{},"tags":[]}],"startTime":1775899156211,"endTime":1775899156584.2866,"status":"passed","message":"","name":"C:/Users/i0swi/OneDrive/デスクトップ/ThreadsOS/tests/adapters.test.ts"},{"assertionResults":[{"ancestorTitles":["BudgetService"],"fullName":"BudgetService initBudget creates a budget entry","status":"passed","title":"initBudget creates a budget entry","duration":19.68730000000005,"failureMessages":[],"meta":{},"tags":[]},{"ancestorTitles":["BudgetService"],"fullName":"BudgetService canSpend returns true within budget","status":"passed","title":"canSpend returns true within budget","duration":2.8991000000000895,"failureMessages":[],"meta":{},"tags":[]},{"ancestorTitles":["BudgetService"],"fullName":"BudgetService canSpend returns false when exceeding budget","status":"passed","title":"canSpend returns false when exceeding budget","duration":3.68730000000005,"failureMessages":[],"meta":{},"tags":[]},{"ancestorTitles":["BudgetService"],"fullName":"BudgetService canSpend returns false for unknown scope","status":"passed","title":"canSpend returns false for unknown scope","duration":1.5658000000003085,"failureMessages":[],"meta":{},"tags":[]},{"ancestorTitles":["BudgetService"],"fullName":"BudgetService spend deducts tokens and calls","status":"passed","title":"spend deducts tokens and calls","duration":4.477800000000116,"failureMessages":[],"meta":{},"tags":[]},{"ancestorTitles":["BudgetService"],"fullName":"BudgetService spend throws for unknown scope","status":"passed","title":"spend throws for unknown scope","duration":3.333900000000085,"failureMessages":[],"meta":{},"tags":[]},{"ancestorTitles":["BudgetService"],"fullName":"BudgetService resetPeriod zeros out usage","status":"passed","title":"resetPeriod zeros out usage","duration":5.2456999999999425,"failureMessages":[],"meta":{},"tags":[]},{"ancestorTitles":["BudgetService"],"fullName":"BudgetService getRemainingBudget returns zero for unknown scope","status":"passed","title":"getRemainingBudget returns zero for unknown scope","duration":2.222900000000209,"failureMessages":[],"meta":{},"tags":[]},{"ancestorTitles":["BudgetService"],"fullName":"BudgetService initBudget is idempotent for the same scope-period-periodKey","status":"passed","title":"initBudget is idempotent for the same scope-period-periodKey","duration":3.804899999999634,"failureMessages":[],"meta":{},"tags":[]}],"startTime":1775899156961,"endTime":1775899157008.805,"status":"passed","message":"","name":"C:/Users/i0swi/OneDrive/デスクトップ/ThreadsOS/tests/budget.test.ts"},{"assertionResults":[{"ancestorTitles":["CacheService"],"fullName":"CacheService reuses cached JSON without rerunning the factory","status":"passed","title":"reuses cached JSON without rerunning the factory","duration":27.08010000000013,"failureMessages":[],"meta":{},"tags":[]},{"ancestorTitles":["CacheService"],"fullName":"CacheService drops expired cache entries","status":"passed","title":"drops expired cache entries","duration":3.8337000000001353,"failureMessages":[],"meta":{},"tags":[]}],"startTime":1775899157393,"endTime":1775899157423.8337,"status":"passed","message":"","name":"C:/Users/i0swi/OneDrive/デスクトップ/ThreadsOS/tests/cache.test.ts"},{"assertionResults":[{"ancestorTitles":["loadEnv"],"fullName":"loadEnv should return default values when no env vars set","status":"passed","title":"should return default values when no env vars set","duration":13.59050000000002,"failureMessages":[],"meta":{},"tags":[]},{"ancestorTitles":["loadEnv"],"fullName":"loadEnv should keep in-memory database urls unchanged","status":"passed","title":"should keep in-memory database urls unchanged","duration":1.4142000000000507,"failureMessages":[],"meta":{},"tags":[]},{"ancestorTitles":["loadEnv"],"fullName":"loadEnv should resolve relative database urls from the project root","status":"passed","title":"should resolve relative database urls from the project root","duration":1.0937000000000126,"failureMessages":[],"meta":{},"tags":[]},{"ancestorTitles":["loadEnv"],"fullName":"loadEnv should keep absolute database urls unchanged","status":"passed","title":"should keep absolute database urls unchanged","duration":1.0042000000000826,"failureMessages":[],"meta":{},"tags":[]},{"ancestorTitles":["loadEnv"],"fullName":"loadEnv should parse PORT as number","status":"passed","title":"should parse PORT as number","duration":1.1766000000000076,"failureMessages":[],"meta":{},"tags":[]},{"ancestorTitles":["loadEnv"],"fullName":"loadEnv should accept tier and tier-specific model overrides","status":"passed","title":"should accept tier and tier-specific model overrides","duration":1.1698000000000093,"failureMessages":[],"meta":{},"tags":[]},{"ancestorTitles":["loadEnv"],"fullName":"loadEnv should accept valid NODE_ENV values","status":"passed","title":"should accept valid NODE_ENV values","duration":1.2644999999999982,"failureMessages":[],"meta":{},"tags":[]},{"ancestorTitles":["loadEnv"],"fullName":"loadEnv should reject invalid NODE_ENV values","status":"passed","title":"should reject invalid NODE_ENV values","duration":13.672500000000014,"failureMessages":[],"meta":{},"tags":[]}],"startTime":1775899156041,"endTime":1775899156076.6726,"status":"passed","message":"","name":"C:/Users/i0swi/OneDrive/デスクトップ/ThreadsOS/tests/config.test.ts"},{"assertionResults":[{"ancestorTitles":["ContentSchedulerService"],"fullName":"ContentSchedulerService bootstraps note generation when no note posts or slots exist","status":"passed","title":"bootstraps note generation when no note posts or slots exist","duration":78.84049999999979,"failureMessages":[],"meta":{},"tags":[]},{"ancestorTitles":["ContentSchedulerService"],"fullName":"ContentSchedulerService prioritizes note generation under funnel expansion strategy","status":"passed","title":"prioritizes note generation under funnel expansion strategy","duration":11.043499999999767,"failureMessages":[],"meta":{},"tags":[]},{"ancestorTitles":["ContentSchedulerService"],"fullName":"ContentSchedulerService prioritizes engagement followup under engagement compounding strategy","status":"passed","title":"prioritizes engagement followup under engagement compounding strategy","duration":14.592200000000048,"failureMessages":[],"meta":{},"tags":[]}],"startTime":1775899153631,"endTime":1775899153735.5923,"status":"passed","message":"","name":"C:/Users/i0swi/OneDrive/デスクトップ/ThreadsOS/tests/content-scheduler.test.ts"},{"assertionResults":[{"ancestorTitles":["Dashboard API"],"fullName":"Dashboard API GET /api/dashboard/summary returns operational focus and alerts","status":"failed","title":"GET /api/dashboard/summary returns operational focus and alerts","duration":502.6765999999998,"failureMessages":["AssertionError: expected { currentTheme: '勝ちテーマ', …(24) } to deeply equal ObjectContaining{…}\n    at C:/Users/i0swi/OneDrive/デスクトップ/ThreadsOS/tests/dashboard-api.test.ts:294:18\n    at processTicksAndRejections (node:internal/process/task_queues:105:5)\n    at file:///C:/Users/i0swi/OneDrive/%E3%83%87%E3%82%B9%E3%82%AF%E3%83%88%E3%83%83%E3%83%97/ThreadsOS/node_modules/.pnpm/@vitest+runner@4.1.2/node_modules/@vitest/runner/dist/chunk-artifact.js:1893:20"],"meta":{},"tags":[]},{"ancestorTitles":["Dashboard API"],"fullName":"Dashboard API GET /api/dashboard/summary marks missing heartbeat as critical","status":"passed","title":"GET /api/dashboard/summary marks missing heartbeat as critical","duration":37.1246000000001,"failureMessages":[],"meta":{},"tags":[]},{"ancestorTitles":["Dashboard API"],"fullName":"Dashboard API GET /api/dashboard/summary escalates when pending reviews pile up","status":"passed","title":"GET /api/dashboard/summary escalates when pending reviews pile up","duration":61.03620000000001,"failureMessages":[],"meta":{},"tags":[]},{"ancestorTitles":["Dashboard API"],"fullName":"Dashboard API GET /api/dashboard/summary describes threads running and note stalled","status":"passed","title":"GET /api/dashboard/summary describes threads running and note stalled","duration":38.3484999999996,"failureMessages":[],"meta":{},"tags":[]},{"ancestorTitles":["Dashboard API"],"fullName":"Dashboard API GET /api/dashboard/proposals/:id returns detail and history","status":"passed","title":"GET /api/dashboard/proposals/:id returns detail and history","duration":22.251800000000003,"failureMessages":[],"meta":{},"tags":[]},{"ancestorTitles":["Dashboard API"],"fullName":"Dashboard API GET /api/dashboard/proposals/:id/history returns the event timeline","status":"passed","title":"GET /api/dashboard/proposals/:id/history returns the event timeline","duration":58.00009999999929,"failureMessages":[],"meta":{},"tags":[]},{"ancestorTitles":["Dashboard API"],"fullName":"Dashboard API POST /api/dashboard/proposals/:id/approve records approval history","status":"passed","title":"POST /api/dashboard/proposals/:id/approve records approval history","duration":41.57459999999992,"failureMessages":[],"meta":{},"tags":[]},{"ancestorTitles":["Dashboard API"],"fullName":"Dashboard API GET /api/dashboard/departments/:department returns operational signals","status":"passed","title":"GET /api/dashboard/departments/:department returns operational signals","duration":123.13240000000042,"failureMessages":[],"meta":{},"tags":[]},{"ancestorTitles":["Dashboard API"],"fullName":"Dashboard API GET /api/dashboard/departments adds owner-facing summary fields","status":"failed","title":"GET /api/dashboard/departments adds owner-facing summary fields","duration":66.95169999999962,"failureMessages":["AssertionError: expected [ …(2) ] to deeply equal ArrayContaining{…}\n    at C:/Users/i0swi/OneDrive/デスクトップ/ThreadsOS/tests/dashboard-api.test.ts:526:18\n    at processTicksAndRejections (node:internal/process/task_queues:105:5)\n    at file:///C:/Users/i0swi/OneDrive/%E3%83%87%E3%82%B9%E3%82%AF%E3%83%88%E3%83%83%E3%83%97/ThreadsOS/node_modules/.pnpm/@vitest+runner@4.1.2/node_modules/@vitest/runner/dist/chunk-artifact.js:1893:20"],"meta":{},"tags":[]},{"ancestorTitles":["Dashboard API"],"fullName":"Dashboard API GET /api/dashboard/agents/:id returns agent detail and budget","status":"passed","title":"GET /api/dashboard/agents/:id returns agent detail and budget","duration":22.08520000000044,"failureMessages":[],"meta":{},"tags":[]},{"ancestorTitles":["Dashboard API"],"fullName":"Dashboard API POST /api/dashboard/control/departments/:department/pause and resume round-trip","status":"passed","title":"POST /api/dashboard/control/departments/:department/pause and resume round-trip","duration":36.14419999999973,"failureMessages":[],"meta":{},"tags":[]},{"ancestorTitles":["Dashboard API"],"fullName":"Dashboard API POST /api/dashboard/control/directives stores structured directives","status":"passed","title":"POST /api/dashboard/control/directives stores structured directives","duration":46.33609999999953,"failureMessages":[],"meta":{},"tags":[]},{"ancestorTitles":["Dashboard API"],"fullName":"Dashboard API GET /api/dashboard/logs returns real execution rows","status":"passed","title":"GET /api/dashboard/logs returns real execution rows","duration":31.649099999999635,"failureMessages":[],"meta":{},"tags":[]}],"startTime":1775899153985,"endTime":1775899155073.6492,"status":"failed","message":"","name":"C:/Users/i0swi/OneDrive/デスクトップ/ThreadsOS/tests/dashboard-api.test.ts"},{"assertionResults":[{"ancestorTitles":["Database"],"fullName":"Database should create tables from schema","status":"passed","title":"should create tables from schema","duration":16.465200000000095,"failureMessages":[],"meta":{},"tags":[]},{"ancestorTitles":["Database"],"fullName":"Database should export all schema tables","status":"passed","title":"should export all schema tables","duration":2.150699999999688,"failureMessages":[],"meta":{},"tags":[]}],"startTime":1775899158750,"endTime":1775899158769.1506,"status":"passed","message":"","name":"C:/Users/i0swi/OneDrive/デスクトップ/ThreadsOS/tests/db.test.ts"},{"assertionResults":[{"ancestorTitles":["DepartmentExecutionService"],"fullName":"DepartmentExecutionService routes thread generation through the threads department","status":"passed","title":"routes thread generation through the threads department","duration":9.82510000000002,"failureMessages":[],"meta":{},"tags":[]},{"ancestorTitles":["DepartmentExecutionService"],"fullName":"DepartmentExecutionService routes note research through the note department","status":"passed","title":"routes note research through the note department","duration":1.7912999999998647,"failureMessages":[],"meta":{},"tags":[]}],"startTime":1775899159132,"endTime":1775899159143.7913,"status":"passed","message":"","name":"C:/Users/i0swi/OneDrive/デスクトップ/ThreadsOS/tests/department-execution.test.ts"},{"assertionResults":[{"ancestorTitles":["DepartmentExecution collectReports()"],"fullName":"DepartmentExecution collectReports() returns a report for each of the 5 departments","status":"passed","title":"returns a report for each of the 5 departments","duration":30.4970000000003,"failureMessages":[],"meta":{},"tags":[]},{"ancestorTitles":["DepartmentExecution collectReports()"],"fullName":"DepartmentExecution collectReports() each report has the required shape","status":"passed","title":"each report has the required shape","duration":13.13189999999986,"failureMessages":[],"meta":{},"tags":[]},{"ancestorTitles":["DepartmentExecution collectReports()"],"fullName":"DepartmentExecution collectReports() command report reflects pending human inputs","status":"passed","title":"command report reflects pending human inputs","duration":47.92080000000033,"failureMessages":[],"meta":{},"tags":[]},{"ancestorTitles":["DepartmentExecution collectReports()"],"fullName":"DepartmentExecution collectReports() command report shows no-action when no pending inputs","status":"passed","title":"command report shows no-action when no pending inputs","duration":10.658799999999701,"failureMessages":[],"meta":{},"tags":[]},{"ancestorTitles":["DepartmentExecution collectReports()"],"fullName":"DepartmentExecution collectReports() note report prioritizes generation when no published notes exist","status":"passed","title":"note report prioritizes generation when no published notes exist","duration":21.0315999999998,"failureMessages":[],"meta":{},"tags":[]},{"ancestorTitles":["DepartmentExecution collectReports()"],"fullName":"DepartmentExecution collectReports() competitive analysis report highlights missing snapshots when none exist","status":"passed","title":"competitive analysis report highlights missing snapshots when none exist","duration":10.833599999999933,"failureMessages":[],"meta":{},"tags":[]},{"ancestorTitles":["DepartmentExecution collectReports()"],"fullName":"DepartmentExecution collectReports() report summary includes DB-backed current-state summary when present","status":"passed","title":"report summary includes DB-backed current-state summary when present","duration":10.375999999999749,"failureMessages":[],"meta":{},"tags":[]},{"ancestorTitles":["DepartmentExecution collectReports()"],"fullName":"DepartmentExecution collectReports() report summary is live-only when no DB summary exists","status":"passed","title":"report summary is live-only when no DB summary exists","duration":49.47400000000016,"failureMessages":[],"meta":{},"tags":[]}],"startTime":1775899156343,"endTime":1775899156538.474,"status":"passed","message":"","name":"C:/Users/i0swi/OneDrive/デスクトップ/ThreadsOS/tests/department-report.test.ts"},{"assertionResults":[{"ancestorTitles":["DiffCollectorService"],"fullName":"DiffCollectorService returns zeros when nothing exists","status":"passed","title":"returns zeros when nothing exists","duration":20.45759999999973,"failureMessages":[],"meta":{},"tags":[]},{"ancestorTitles":["DiffCollectorService"],"fullName":"DiffCollectorService counts new replies since last heartbeat","status":"passed","title":"counts new replies since last heartbeat","duration":5.61889999999994,"failureMessages":[],"meta":{},"tags":[]},{"ancestorTitles":["DiffCollectorService"],"fullName":"DiffCollectorService counts failed jobs as errors","status":"passed","title":"counts failed jobs as errors","duration":3.6493000000000393,"failureMessages":[],"meta":{},"tags":[]},{"ancestorTitles":["DiffCollectorService"],"fullName":"DiffCollectorService counts unprocessed human inputs","status":"passed","title":"counts unprocessed human inputs","duration":3.2811000000001513,"failureMessages":[],"meta":{},"tags":[]}],"startTime":1775899157088,"endTime":1775899157121.281,"status":"passed","message":"","name":"C:/Users/i0swi/OneDrive/デスクトップ/ThreadsOS/tests/diff-collector.test.ts"},{"assertionResults":[{"ancestorTitles":["ExecutiveService"],"fullName":"ExecutiveService uses LLM decision to approve/skip actions","status":"passed","title":"uses LLM decision to approve/skip actions","duration":27.42870000000039,"failureMessages":[],"meta":{},"tags":[]},{"ancestorTitles":["ExecutiveService"],"fullName":"ExecutiveService falls back when LLM returns invalid JSON","status":"passed","title":"falls back when LLM returns invalid JSON","duration":5.6349999999997635,"failureMessages":[],"meta":{},"tags":[]},{"ancestorTitles":["ExecutiveService"],"fullName":"ExecutiveService stores department runs and completes the cycle","status":"passed","title":"stores department runs and completes the cycle","duration":9.933199999999943,"failureMessages":[],"meta":{},"tags":[]},{"ancestorTitles":["ExecutiveService"],"fullName":"ExecutiveService fallback persists strategy_states and executive_cycles","status":"passed","title":"fallback persists strategy_states and executive_cycles","duration":4.384700000000066,"failureMessages":[],"meta":{},"tags":[]},{"ancestorTitles":["ExecutiveService"],"fullName":"ExecutiveService exposes llmReasoning and departmentInstructions on normal plan","status":"passed","title":"exposes llmReasoning and departmentInstructions on normal plan","duration":5.366399999999885,"failureMessages":[],"meta":{},"tags":[]},{"ancestorTitles":["ExecutiveService"],"fullName":"ExecutiveService normalizes invalid objective and funnelStage from LLM","status":"passed","title":"normalizes invalid objective and funnelStage from LLM","duration":11.11850000000004,"failureMessages":[],"meta":{},"tags":[]},{"ancestorTitles":["ExecutiveService"],"fullName":"ExecutiveService filters invalid action types from LLM without crashing","status":"passed","title":"filters invalid action types from LLM without crashing","duration":4.761199999999917,"failureMessages":[],"meta":{},"tags":[]}],"startTime":1775899153711,"endTime":1775899153780.7612,"status":"passed","message":"","name":"C:/Users/i0swi/OneDrive/デスクトップ/ThreadsOS/tests/executive.test.ts"},{"assertionResults":[{"ancestorTitles":["runJob"],"fullName":"runJob records a completed run and passes dryRun to the executor","status":"passed","title":"records a completed run and passes dryRun to the executor","duration":48.789400000000114,"failureMessages":[],"meta":{},"tags":[]},{"ancestorTitles":["runJob"],"fullName":"runJob stores failure details and rethrows executor errors","status":"passed","title":"stores failure details and rethrows executor errors","duration":11.735099999999875,"failureMessages":[],"meta":{},"tags":[]},{"ancestorTitles":["runJob"],"fullName":"runJob skips execution when the same job is already running","status":"passed","title":"skips execution when the same job is already running","duration":7.328100000000177,"failureMessages":[],"meta":{},"tags":[]}],"startTime":1775899153759,"endTime":1775899153827.3281,"status":"passed","message":"","name":"C:/Users/i0swi/OneDrive/デスクトップ/ThreadsOS/tests/jobs.test.ts"},{"assertionResults":[{"ancestorTitles":["llm-heartbeat-worker helpers"],"fullName":"llm-heartbeat-worker helpers embeds queued generation constraints into the Claude system prompt","status":"passed","title":"embeds queued generation constraints into the Claude system prompt","duration":3.40079999999989,"failureMessages":[],"meta":{},"tags":[]},{"ancestorTitles":["llm-heartbeat-worker helpers"],"fullName":"llm-heartbeat-worker helpers builds CLI args with a merged system prompt when present","status":"passed","title":"builds CLI args with a merged system prompt when present","duration":1.593499999999949,"failureMessages":[],"meta":{},"tags":[]},{"ancestorTitles":["llm-heartbeat-worker helpers"],"fullName":"llm-heartbeat-worker helpers resolves the configured heartbeat model for each tier","status":"passed","title":"resolves the configured heartbeat model for each tier","duration":1.2869000000000597,"failureMessages":[],"meta":{},"tags":[]},{"ancestorTitles":["llm-heartbeat-worker helpers"],"fullName":"llm-heartbeat-worker helpers falls back to the default tier when CLI args omit tier","status":"passed","title":"falls back to the default tier when CLI args omit tier","duration":1.1300000000001091,"failureMessages":[],"meta":{},"tags":[]}],"startTime":1775899159269,"endTime":1775899159276.13,"status":"passed","message":"","name":"C:/Users/i0swi/OneDrive/デスクトップ/ThreadsOS/tests/llm-heartbeat-worker.test.ts"},{"assertionResults":[{"ancestorTitles":["llm-json"],"fullName":"llm-json extracts arrays wrapped inside an object payload","status":"passed","title":"extracts arrays wrapped inside an object payload","duration":5.724900000000048,"failureMessages":[],"meta":{},"tags":[]},{"ancestorTitles":["llm-json"],"fullName":"llm-json extracts a single object wrapped inside a one-item array","status":"passed","title":"extracts a single object wrapped inside a one-item array","duration":3.9115000000000464,"failureMessages":[],"meta":{},"tags":[]}],"startTime":1775899157779,"endTime":1775899157788.9116,"status":"passed","message":"","name":"C:/Users/i0swi/OneDrive/デスクトップ/ThreadsOS/tests/llm-json.test.ts"},{"assertionResults":[{"ancestorTitles":["MemoryService"],"fullName":"MemoryService set and get a memory entry","status":"passed","title":"set and get a memory entry","duration":20.120800000000145,"failureMessages":[],"meta":{},"tags":[]},{"ancestorTitles":["MemoryService"],"fullName":"MemoryService updates existing entry and increments version","status":"passed","title":"updates existing entry and increments version","duration":6.740099999999984,"failureMessages":[],"meta":{},"tags":[]},{"ancestorTitles":["MemoryService"],"fullName":"MemoryService returns null for non-existent key","status":"passed","title":"returns null for non-existent key","duration":1.676300000000083,"failureMessages":[],"meta":{},"tags":[]},{"ancestorTitles":["MemoryService"],"fullName":"MemoryService deletes an entry","status":"passed","title":"deletes an entry","duration":4.01070000000027,"failureMessages":[],"meta":{},"tags":[]},{"ancestorTitles":["MemoryService"],"fullName":"MemoryService listByLayer returns all entries in a layer","status":"passed","title":"listByLayer returns all entries in a layer","duration":7.995300000000043,"failureMessages":[],"meta":{},"tags":[]},{"ancestorTitles":["MemoryService"],"fullName":"MemoryService listByLayer filters by scope","status":"passed","title":"listByLayer filters by scope","duration":3.714599999999791,"failureMessages":[],"meta":{},"tags":[]},{"ancestorTitles":["MemoryService"],"fullName":"MemoryService promote moves entry from one layer to another","status":"passed","title":"promote moves entry from one layer to another","duration":5.011399999999867,"failureMessages":[],"meta":{},"tags":[]},{"ancestorTitles":["MemoryService"],"fullName":"MemoryService expireWorking removes expired working_memory entries","status":"passed","title":"expireWorking removes expired working_memory entries","duration":42.389700000000175,"failureMessages":[],"meta":{},"tags":[]}],"startTime":1775899156344,"endTime":1775899156436.3896,"status":"passed","message":"","name":"C:/Users/i0swi/OneDrive/デスクトップ/ThreadsOS/tests/memory.test.ts"},{"assertionResults":[{"ancestorTitles":["network-policy"],"fullName":"network-policy accepts safe public https urls","status":"passed","title":"accepts safe public https urls","duration":11.345300000000066,"failureMessages":[],"meta":{},"tags":[]},{"ancestorTitles":["network-policy"],"fullName":"network-policy rejects localhost and private ip targets","status":"passed","title":"rejects localhost and private ip targets","duration":2.8476000000000568,"failureMessages":[],"meta":{},"tags":[]},{"ancestorTitles":["network-policy"],"fullName":"network-policy rejects hosts outside allowlisted domains","status":"passed","title":"rejects hosts outside allowlisted domains","duration":2.8986999999999625,"failureMessages":[],"meta":{},"tags":[]},{"ancestorTitles":["network-policy"],"fullName":"network-policy rejects embedded credentials","status":"passed","title":"rejects embedded credentials","duration":0.7799999999999727,"failureMessages":[],"meta":{},"tags":[]},{"ancestorTitles":["network-policy"],"fullName":"network-policy rejects custom ports","status":"passed","title":"rejects custom ports","duration":0.6236000000000104,"failureMessages":[],"meta":{},"tags":[]}],"startTime":1775899157240,"endTime":1775899157259.6235,"status":"passed","message":"","name":"C:/Users/i0swi/OneDrive/デスクトップ/ThreadsOS/tests/network-policy.test.ts"},{"assertionResults":[{"ancestorTitles":["normalizeBlocks"],"fullName":"normalizeBlocks 空行と '---' をブロック区切りとして扱う","status":"passed","title":"空行と '---' をブロック区切りとして扱う","duration":4.143500000000131,"failureMessages":[],"meta":{},"tags":[]},{"ancestorTitles":["normalizeBlocks"],"fullName":"normalizeBlocks コードブロック内は分割しない","status":"passed","title":"コードブロック内は分割しない","duration":2.2730999999998858,"failureMessages":[],"meta":{},"tags":[]},{"ancestorTitles":["parseInlineMarkdown"],"fullName":"parseInlineMarkdown 太字・斜体・インラインコードを変換する","status":"passed","title":"太字・斜体・インラインコードを変換する","duration":1.0011999999996988,"failureMessages":[],"meta":{},"tags":[]},{"ancestorTitles":["buildBlockHtml"],"fullName":"buildBlockHtml 見出しを note 用の階層へ変換する","status":"passed","title":"見出しを note 用の階層へ変換する","duration":1.9424999999996544,"failureMessages":[],"meta":{},"tags":[]},{"ancestorTitles":["buildBlockHtml"],"fullName":"buildBlockHtml リストを HTML に変換する","status":"passed","title":"リストを HTML に変換する","duration":0.7458000000001448,"failureMessages":[],"meta":{},"tags":[]},{"ancestorTitles":["buildBlockHtml"],"fullName":"buildBlockHtml コードブロックを pre/code に変換する","status":"passed","title":"コードブロックを pre/code に変換する","duration":0.3636999999998807,"failureMessages":[],"meta":{},"tags":[]},{"ancestorTitles":["buildBlockHtml"],"fullName":"buildBlockHtml 段落を p に変換する","status":"passed","title":"段落を p に変換する","duration":0.5984999999996035,"failureMessages":[],"meta":{},"tags":[]},{"ancestorTitles":["buildStructuredNoteContent"],"fullName":"buildStructuredNoteContent 通常モードでは全文を無料本文として扱う","status":"passed","title":"通常モードでは全文を無料本文として扱う","duration":1.004699999999957,"failureMessages":[],"meta":{},"tags":[]},{"ancestorTitles":["buildStructuredNoteContent"],"fullName":"buildStructuredNoteContent free_paid モードでは無料/有料を分離する","status":"passed","title":"free_paid モードでは無料/有料を分離する","duration":2.3121000000001004,"failureMessages":[],"meta":{},"tags":[]},{"ancestorTitles":["buildDraftContext"],"fullName":"buildDraftContext splits paid note bodies into free preview and paid remainder","status":"passed","title":"splits paid note bodies into free preview and paid remainder","duration":0.7390999999997803,"failureMessages":[],"meta":{},"tags":[]},{"ancestorTitles":["buildPublishPayload"],"fullName":"buildPublishPayload free_paid の structured から公開 payload を作る","status":"passed","title":"free_paid の structured から公開 payload を作る","duration":0.8338000000003376,"failureMessages":[],"meta":{},"tags":[]}],"startTime":1775899159879,"endTime":1775899159895.8337,"status":"passed","message":"","name":"C:/Users/i0swi/OneDrive/デスクトップ/ThreadsOS/tests/note-api.test.ts"},{"assertionResults":[{"ancestorTitles":["note publish services"],"fullName":"note publish services prices note higher when historical CV and purchases are strong","status":"passed","title":"prices note higher when historical CV and purchases are strong","duration":41.861999999999625,"failureMessages":[],"meta":{},"tags":[]},{"ancestorTitles":["note publish services"],"fullName":"note publish services stores sync-pending compensation record when local sync fails after remote publish","status":"passed","title":"stores sync-pending compensation record when local sync fails after remote publish","duration":14.49850000000015,"failureMessages":[],"meta":{},"tags":[]},{"ancestorTitles":["note publish services"],"fullName":"note publish services reconciles sync-pending note rows and restores published state from fetched stats","status":"passed","title":"reconciles sync-pending note rows and restores published state from fetched stats","duration":12.430799999999635,"failureMessages":[],"meta":{},"tags":[]}],"startTime":1775899156947,"endTime":1775899157016.431,"status":"passed","message":"","name":"C:/Users/i0swi/OneDrive/デスクトップ/ThreadsOS/tests/note-services.test.ts"},{"assertionResults":[{"ancestorTitles":["ProposalFlowService"],"fullName":"ProposalFlowService creates hierarchical proposal history and moves to approved","status":"passed","title":"creates hierarchical proposal history and moves to approved","duration":30.377100000000155,"failureMessages":[],"meta":{},"tags":[]}],"startTime":1775899157956,"endTime":1775899157986.3772,"status":"passed","message":"","name":"C:/Users/i0swi/OneDrive/デスクトップ/ThreadsOS/tests/proposal-flow.test.ts"},{"assertionResults":[{"ancestorTitles":["re-execution safety"],"fullName":"re-execution safety keeps post audits and human review items stable across re-audits","status":"passed","title":"keeps post audits and human review items stable across re-audits","duration":31.15059999999994,"failureMessages":[],"meta":{},"tags":[]},{"ancestorTitles":["re-execution safety"],"fullName":"re-execution safety keeps note audits and human review items stable across re-audits","status":"passed","title":"keeps note audits and human review items stable across re-audits","duration":9.370899999999892,"failureMessages":[],"meta":{},"tags":[]},{"ancestorTitles":["re-execution safety"],"fullName":"re-execution safety keeps ordinary note revise results out of human review","status":"passed","title":"keeps ordinary note revise results out of human review","duration":5.923000000000229,"failureMessages":[],"meta":{},"tags":[]},{"ancestorTitles":["re-execution safety"],"fullName":"re-execution safety normalizes passed note audits to a publishable score","status":"passed","title":"normalizes passed note audits to a publishable score","duration":4.980399999999918,"failureMessages":[],"meta":{},"tags":[]},{"ancestorTitles":["re-execution safety"],"fullName":"re-execution safety parses generated draft arrays with multiline body strings","status":"passed","title":"parses generated draft arrays with multiline body strings","duration":4.907799999999952,"failureMessages":[],"meta":{},"tags":[]},{"ancestorTitles":["re-execution safety"],"fullName":"re-execution safety parses generated draft arrays with unescaped quotes inside body strings","status":"passed","title":"parses generated draft arrays with unescaped quotes inside body strings","duration":2.2137000000002445,"failureMessages":[],"meta":{},"tags":[]},{"ancestorTitles":["re-execution safety"],"fullName":"re-execution safety does not duplicate replies or insights when followup runs twice","status":"passed","title":"does not duplicate replies or insights when followup runs twice","duration":99.58539999999994,"failureMessages":[],"meta":{},"tags":[]},{"ancestorTitles":["re-execution safety"],"fullName":"re-execution safety auto-revises thread drafts until they pass audit","status":"passed","title":"auto-revises thread drafts until they pass audit","duration":14.764200000000073,"failureMessages":[],"meta":{},"tags":[]},{"ancestorTitles":["re-execution safety"],"fullName":"re-execution safety auto-revises note drafts until they pass audit","status":"passed","title":"auto-revises note drafts until they pass audit","duration":10.484500000000025,"failureMessages":[],"meta":{},"tags":[]},{"ancestorTitles":["re-execution safety"],"fullName":"re-execution safety prioritizes winning Threads topics for nightly note generation","status":"passed","title":"prioritizes winning Threads topics for nightly note generation","duration":10.763500000000022,"failureMessages":[],"meta":{},"tags":[]},{"ancestorTitles":["re-execution safety"],"fullName":"re-execution safety creates a Threads promotion draft after note publication","status":"passed","title":"creates a Threads promotion draft after note publication","duration":75.15939999999955,"failureMessages":[],"meta":{},"tags":[]},{"ancestorTitles":["re-execution safety"],"fullName":"re-execution safety dry-run thread publishing ignores ineligible slots","status":"passed","title":"dry-run thread publishing ignores ineligible slots","duration":3.922899999999572,"failureMessages":[],"meta":{},"tags":[]},{"ancestorTitles":["re-execution safety"],"fullName":"re-execution safety dry-run note publishing ignores ineligible slots","status":"passed","title":"dry-run note publishing ignores ineligible slots","duration":3.26929999999993,"failureMessages":[],"meta":{},"tags":[]},{"ancestorTitles":["re-execution safety"],"fullName":"re-execution safety parses cadence optimizer responses with fenced multiline JSON","status":"passed","title":"parses cadence optimizer responses with fenced multiline JSON","duration":2.578700000000026,"failureMessages":[],"meta":{},"tags":[]},{"ancestorTitles":["re-execution safety"],"fullName":"re-execution safety returns camelCase profile data from Threads API","status":"passed","title":"returns camelCase profile data from Threads API","duration":2.5418999999992593,"failureMessages":[],"meta":{},"tags":[]},{"ancestorTitles":["re-execution safety"],"fullName":"re-execution safety falls back to per-metric Threads insights requests when bulk query fails","status":"passed","title":"falls back to per-metric Threads insights requests when bulk query fails","duration":4090.4120000000003,"failureMessages":[],"meta":{},"tags":[]}],"startTime":1775899154386,"endTime":1775899158759.412,"status":"passed","message":"","name":"C:/Users/i0swi/OneDrive/デスクトップ/ThreadsOS/tests/reexecution-safe.test.ts"},{"assertionResults":[{"ancestorTitles":["reprocessing safety"],"fullName":"reprocessing safety does not duplicate replies or insights when followup runs twice","status":"passed","title":"does not duplicate replies or insights when followup runs twice","duration":123.78810000000021,"failureMessages":[],"meta":{},"tags":[]},{"ancestorTitles":["reprocessing safety"],"fullName":"reprocessing safety returns camelCase user profile fields","status":"passed","title":"returns camelCase user profile fields","duration":53.9345000000003,"failureMessages":[],"meta":{},"tags":[]}],"startTime":1775899154385,"endTime":1775899154562.9346,"status":"passed","message":"","name":"C:/Users/i0swi/OneDrive/デスクトップ/ThreadsOS/tests/reprocessing.test.ts"},{"assertionResults":[{"ancestorTitles":["RetrievalService"],"fullName":"RetrievalService builds compact context from memory and research records","status":"passed","title":"builds compact context from memory and research records","duration":25.267499999999927,"failureMessages":[],"meta":{},"tags":[]}],"startTime":1775899158822,"endTime":1775899158847.2676,"status":"passed","message":"","name":"C:/Users/i0swi/OneDrive/デスクトップ/ThreadsOS/tests/retrieval.test.ts"},{"assertionResults":[{"ancestorTitles":["approveReviewItem"],"fullName":"approveReviewItem restores approved note drafts to an auditable publishable state","status":"passed","title":"restores approved note drafts to an auditable publishable state","duration":19.609800000000178,"failureMessages":[],"meta":{},"tags":[]}],"startTime":1775899153668,"endTime":1775899153687.6099,"status":"passed","message":"","name":"C:/Users/i0swi/OneDrive/デスクトップ/ThreadsOS/tests/review-approve.test.ts"},{"assertionResults":[{"ancestorTitles":["SafetyService","checkDuplicatePost"],"fullName":"SafetyService checkDuplicatePost returns false when no recent posts exist","status":"passed","title":"returns false when no recent posts exist","duration":15.672999999999774,"failureMessages":[],"meta":{},"tags":[]},{"ancestorTitles":["SafetyService","checkDuplicatePost"],"fullName":"SafetyService checkDuplicatePost returns true for exact duplicate within 24h","status":"passed","title":"returns true for exact duplicate within 24h","duration":6.751499999999851,"failureMessages":[],"meta":{},"tags":[]},{"ancestorTitles":["SafetyService","checkDuplicatePost"],"fullName":"SafetyService checkDuplicatePost returns true for near-duplicate (high similarity)","status":"passed","title":"returns true for near-duplicate (high similarity)","duration":4.059400000000096,"failureMessages":[],"meta":{},"tags":[]},{"ancestorTitles":["SafetyService","checkDuplicatePost"],"fullName":"SafetyService checkDuplicatePost returns false for dissimilar posts","status":"passed","title":"returns false for dissimilar posts","duration":3.7175000000002,"failureMessages":[],"meta":{},"tags":[]},{"ancestorTitles":["SafetyService","checkAutoApproval"],"fullName":"SafetyService checkAutoApproval returns true for routine actions","status":"passed","title":"returns true for routine actions","duration":1.8382000000001426,"failureMessages":[],"meta":{},"tags":[]},{"ancestorTitles":["SafetyService","checkAutoApproval"],"fullName":"SafetyService checkAutoApproval returns false for weekly_retro (requires review)","status":"passed","title":"returns false for weekly_retro (requires review)","duration":0.5917999999996937,"failureMessages":[],"meta":{},"tags":[]},{"ancestorTitles":["SafetyService","checkCostDegradation"],"fullName":"SafetyService checkCostDegradation returns normal when no budgets exist","status":"passed","title":"returns normal when no budgets exist","duration":1.2296999999998661,"failureMessages":[],"meta":{},"tags":[]},{"ancestorTitles":["SafetyService","checkCostDegradation"],"fullName":"SafetyService checkCostDegradation returns normal when usage is low","status":"passed","title":"returns normal when usage is low","duration":1.9609000000000378,"failureMessages":[],"meta":{},"tags":[]},{"ancestorTitles":["SafetyService","checkCostDegradation"],"fullName":"SafetyService checkCostDegradation returns degraded when usage exceeds 80%","status":"passed","title":"returns degraded when usage exceeds 80%","duration":2.6239000000000487,"failureMessages":[],"meta":{},"tags":[]},{"ancestorTitles":["SafetyService","checkCostDegradation"],"fullName":"SafetyService checkCostDegradation returns emergency when usage exceeds 95%","status":"passed","title":"returns emergency when usage exceeds 95%","duration":2.3580000000001746,"failureMessages":[],"meta":{},"tags":[]},{"ancestorTitles":["SafetyService","checkCostDegradation"],"fullName":"SafetyService checkCostDegradation returns emergency when calls exceed 95%","status":"passed","title":"returns emergency when calls exceed 95%","duration":1.7059999999996762,"failureMessages":[],"meta":{},"tags":[]},{"ancestorTitles":["SafetyService","shouldForceStop"],"fullName":"SafetyService shouldForceStop returns false when fewer than 5 runs exist","status":"passed","title":"returns false when fewer than 5 runs exist","duration":3.3049000000000888,"failureMessages":[],"meta":{},"tags":[]},{"ancestorTitles":["SafetyService","shouldForceStop"],"fullName":"SafetyService shouldForceStop returns true when last 5 runs all failed","status":"passed","title":"returns true when last 5 runs all failed","duration":3.4298000000003412,"failureMessages":[],"meta":{},"tags":[]},{"ancestorTitles":["SafetyService","shouldForceStop"],"fullName":"SafetyService shouldForceStop returns false when one of last 5 runs succeeded","status":"passed","title":"returns false when one of last 5 runs succeeded","duration":2.7708999999999833,"failureMessages":[],"meta":{},"tags":[]},{"ancestorTitles":["SafetyService","shouldForceStop"],"fullName":"SafetyService shouldForceStop ignores failures from other job types","status":"passed","title":"ignores failures from other job types","duration":3.444999999999709,"failureMessages":[],"meta":{},"tags":[]}],"startTime":1775899156210,"endTime":1775899156267.445,"status":"passed","message":"","name":"C:/Users/i0swi/OneDrive/デスクトップ/ThreadsOS/tests/safety.test.ts"},{"assertionResults":[{"ancestorTitles":["Server"],"fullName":"Server GET /health returns 200 with status ok","status":"passed","title":"GET /health returns 200 with status ok","duration":483.41340000000037,"failureMessages":[],"meta":{},"tags":[]},{"ancestorTitles":["Server"],"fullName":"Server serves the dashboard HTML from the production app wiring","status":"failed","title":"serves the dashboard HTML from the production app wiring","duration":60.31970000000001,"failureMessages":["AssertionError: expected '<!DOCTYPE html>\\n<html lang=\"ja\">\\n<h…' to contain '<title>ThreadsOS Dashboard</title>'\n    at C:/Users/i0swi/OneDrive/デスクトップ/ThreadsOS/tests/server.test.ts:47:27\n    at processTicksAndRejections (node:internal/process/task_queues:105:5)\n    at file:///C:/Users/i0swi/OneDrive/%E3%83%87%E3%82%B9%E3%82%AF%E3%83%88%E3%83%83%E3%83%97/ThreadsOS/node_modules/.pnpm/@vitest+runner@4.1.2/node_modules/@vitest/runner/dist/chunk-artifact.js:1893:20"],"meta":{},"tags":[]},{"ancestorTitles":["Server"],"fullName":"Server protects dashboard routes when a token is configured","status":"passed","title":"protects dashboard routes when a token is configured","duration":192.23710000000028,"failureMessages":[],"meta":{},"tags":[]},{"ancestorTitles":["Server"],"fullName":"Server protects the dashboard root when a token is configured","status":"failed","title":"protects the dashboard root when a token is configured","duration":191.8846999999996,"failureMessages":["AssertionError: expected '<!DOCTYPE html>\\n<html lang=\"ja\">\\n<h…' to contain 'ThreadsOS Dashboard'\n    at C:/Users/i0swi/OneDrive/デスクトップ/ThreadsOS/tests/server.test.ts:88:26\n    at processTicksAndRejections (node:internal/process/task_queues:105:5)\n    at file:///C:/Users/i0swi/OneDrive/%E3%83%87%E3%82%B9%E3%82%AF%E3%83%88%E3%83%83%E3%83%97/ThreadsOS/node_modules/.pnpm/@vitest+runner@4.1.2/node_modules/@vitest/runner/dist/chunk-artifact.js:1893:20"],"meta":{},"tags":[]}],"startTime":1775899154009,"endTime":1775899154937.8848,"status":"failed","message":"","name":"C:/Users/i0swi/OneDrive/デスクトップ/ThreadsOS/tests/server.test.ts"},{"assertionResults":[{"ancestorTitles":["TopicSelectionService"],"fullName":"TopicSelectionService should create a topic","status":"passed","title":"should create a topic","duration":9.247899999999845,"failureMessages":[],"meta":{},"tags":[]},{"ancestorTitles":["TopicSelectionService"],"fullName":"TopicSelectionService should select daily topics by priority","status":"passed","title":"should select daily topics by priority","duration":7.860299999999825,"failureMessages":[],"meta":{},"tags":[]},{"ancestorTitles":["TopicSelectionService"],"fullName":"TopicSelectionService should archive a topic","status":"passed","title":"should archive a topic","duration":3.3077000000002954,"failureMessages":[],"meta":{},"tags":[]}],"startTime":1775899158754,"endTime":1775899158774.3076,"status":"passed","message":"","name":"C:/Users/i0swi/OneDrive/デスクトップ/ThreadsOS/tests/services.test.ts"},{"assertionResults":[{"ancestorTitles":["ThreadsGraphApiClient"],"fullName":"ThreadsGraphApiClient falls back to aliases and zeros when insight metrics are unavailable","status":"passed","title":"falls back to aliases and zeros when insight metrics are unavailable","duration":69.09390000000008,"failureMessages":[],"meta":{},"tags":[]}],"startTime":1775899155485,"endTime":1775899155554.094,"status":"passed","message":"","name":"C:/Users/i0swi/OneDrive/デスクトップ/ThreadsOS/tests/threads-api.test.ts"},{"assertionResults":[{"ancestorTitles":["Dashboard E2E Integration"],"fullName":"Dashboard E2E Integration surfaces summary focus and detail panels from real routes","status":"passed","title":"surfaces summary focus and detail panels from real routes","duration":586.8847999999998,"failureMessages":[],"meta":{},"tags":[]},{"ancestorTitles":["Dashboard E2E Integration"],"fullName":"Dashboard E2E Integration records department control and structured directive flows","status":"passed","title":"records department control and structured directive flows","duration":55.819800000000214,"failureMessages":[],"meta":{},"tags":[]},{"ancestorTitles":["Dashboard E2E Integration"],"fullName":"Dashboard E2E Integration surfaces KPI and logs from the actual dashboard routes","status":"passed","title":"surfaces KPI and logs from the actual dashboard routes","duration":27.846900000000005,"failureMessages":[],"meta":{},"tags":[]}],"startTime":1775899153987,"endTime":1775899154657.847,"status":"passed","message":"","name":"C:/Users/i0swi/OneDrive/デスクトップ/ThreadsOS/tests/integration/dashboard-e2e.test.ts"},{"assertionResults":[{"ancestorTitles":["Heartbeat Flow Integration"],"fullName":"Heartbeat Flow Integration runs a full heartbeat cycle: diff -> executive plan -> department run -> summary","status":"passed","title":"runs a full heartbeat cycle: diff -> executive plan -> department run -> summary","duration":37.26420000000007,"failureMessages":[],"meta":{},"tags":[]},{"ancestorTitles":["Heartbeat Flow Integration"],"fullName":"Heartbeat Flow Integration skips heartbeat when system_controls has global pause","status":"passed","title":"skips heartbeat when system_controls has global pause","duration":3.9544999999998254,"failureMessages":[],"meta":{},"tags":[]},{"ancestorTitles":["Heartbeat Flow Integration"],"fullName":"Heartbeat Flow Integration defers actions when budget is exceeded","status":"passed","title":"defers actions when budget is exceeded","duration":5.580999999999676,"failureMessages":[],"meta":{},"tags":[]},{"ancestorTitles":["Heartbeat Flow Integration"],"fullName":"Heartbeat Flow Integration memory service stores and retrieves department context across heartbeats","status":"passed","title":"memory service stores and retrieves department context across heartbeats","duration":5.909899999999652,"failureMessages":[],"meta":{},"tags":[]},{"ancestorTitles":["Heartbeat Flow Integration"],"fullName":"Heartbeat Flow Integration safety service detects consecutive failures","status":"passed","title":"safety service detects consecutive failures","duration":4.010999999999967,"failureMessages":[],"meta":{},"tags":[]},{"ancestorTitles":["Heartbeat Flow Integration"],"fullName":"Heartbeat Flow Integration executive returns llmReasoning and departmentInstructions on normal plan","status":"passed","title":"executive returns llmReasoning and departmentInstructions on normal plan","duration":4.629100000000108,"failureMessages":[],"meta":{},"tags":[]}],"startTime":1775899154059,"endTime":1775899154120.6292,"status":"passed","message":"","name":"C:/Users/i0swi/OneDrive/デスクトップ/ThreadsOS/tests/integration/heartbeat-flow.test.ts"},{"assertionResults":[{"ancestorTitles":["Proposal Flow Integration"],"fullName":"Proposal Flow Integration creates a proposal as pending, then approves to executed","status":"passed","title":"creates a proposal as pending, then approves to executed","duration":19.045200000000023,"failureMessages":[],"meta":{},"tags":[]},{"ancestorTitles":["Proposal Flow Integration"],"fullName":"Proposal Flow Integration creates a proposal as pending, then rejects it","status":"passed","title":"creates a proposal as pending, then rejects it","duration":5.009500000000116,"failureMessages":[],"meta":{},"tags":[]},{"ancestorTitles":["Proposal Flow Integration"],"fullName":"Proposal Flow Integration auto-approvable actions pass safety check, high-risk do not","status":"passed","title":"auto-approvable actions pass safety check, high-risk do not","duration":1.6521999999999935,"failureMessages":[],"meta":{},"tags":[]},{"ancestorTitles":["Proposal Flow Integration"],"fullName":"Proposal Flow Integration human_review_items flow: pending -> approved","status":"passed","title":"human_review_items flow: pending -> approved","duration":3.159299999999803,"failureMessages":[],"meta":{},"tags":[]},{"ancestorTitles":["Proposal Flow Integration"],"fullName":"Proposal Flow Integration human_review_items flow: pending -> rejected","status":"passed","title":"human_review_items flow: pending -> rejected","duration":2.0725000000002183,"failureMessages":[],"meta":{},"tags":[]}],"startTime":1775899153479,"endTime":1775899153510.0725,"status":"passed","message":"","name":"C:/Users/i0swi/OneDrive/デスクトップ/ThreadsOS/tests/integration/proposal-flow.test.ts"}]}